[2023-07-22 13:13:20] local.ERROR: Class "L5Swagger\L5SwaggerServiceProvider" not found {"exception":"[object] (Error(code: 0): Class \"L5Swagger\\L5SwaggerServiceProvider\" not found at C:\\wamp64\\www\\nammav2appweb\\vendor\\laravel\\framework\\src\\Illuminate\\Foundation\\ProviderRepository.php:208)
[stacktrace]
#0 C:\\wamp64\\www\\nammav2appweb\\vendor\\laravel\\framework\\src\\Illuminate\\Foundation\\ProviderRepository.php(144): Illuminate\\Foundation\\ProviderRepository->createProvider('L5Swagger\\\\L5Swa...')
#1 C:\\wamp64\\www\\nammav2appweb\\vendor\\laravel\\framework\\src\\Illuminate\\Foundation\\ProviderRepository.php(61): Illuminate\\Foundation\\ProviderRepository->compileManifest(Array)
#2 C:\\wamp64\\www\\nammav2appweb\\vendor\\laravel\\framework\\src\\Illuminate\\Foundation\\Application.php(659): Illuminate\\Foundation\\ProviderRepository->load(Array)
#3 C:\\wamp64\\www\\nammav2appweb\\vendor\\laravel\\framework\\src\\Illuminate\\Foundation\\Bootstrap\\RegisterProviders.php(17): Illuminate\\Foundation\\Application->registerConfiguredProviders()
#4 C:\\wamp64\\www\\nammav2appweb\\vendor\\laravel\\framework\\src\\Illuminate\\Foundation\\Application.php(237): Illuminate\\Foundation\\Bootstrap\\RegisterProviders->bootstrap(Object(Illuminate\\Foundation\\Application))
#5 C:\\wamp64\\www\\nammav2appweb\\vendor\\laravel\\framework\\src\\Illuminate\\Foundation\\Http\\Kernel.php(153): Illuminate\\Foundation\\Application->bootstrapWith(Array)
#6 C:\\wamp64\\www\\nammav2appweb\\vendor\\laravel\\framework\\src\\Illuminate\\Foundation\\Http\\Kernel.php(137): Illuminate\\Foundation\\Http\\Kernel->bootstrap()
#7 C:\\wamp64\\www\\nammav2appweb\\vendor\\laravel\\framework\\src\\Illuminate\\Foundation\\Http\\Kernel.php(111): Illuminate\\Foundation\\Http\\Kernel->sendRequestThroughRouter(Object(Illuminate\\Http\\Request))
#8 C:\\wamp64\\www\\nammav2appweb\\public\\index.php(52): Illuminate\\Foundation\\Http\\Kernel->handle(Object(Illuminate\\Http\\Request))
#9 C:\\wamp64\\www\\nammav2appweb\\server.php(21): require_once('C:\\\\wamp64\\\\www\\\\n...')
#10 {main}
"} 
[2023-07-22 13:14:41] local.ERROR: Class "L5Swagger\L5SwaggerServiceProvider" not found {"exception":"[object] (Error(code: 0): Class \"L5Swagger\\L5SwaggerServiceProvider\" not found at C:\\wamp64\\www\\nammav2appweb\\vendor\\laravel\\framework\\src\\Illuminate\\Foundation\\ProviderRepository.php:208)
[stacktrace]
#0 C:\\wamp64\\www\\nammav2appweb\\vendor\\laravel\\framework\\src\\Illuminate\\Foundation\\ProviderRepository.php(144): Illuminate\\Foundation\\ProviderRepository->createProvider('L5Swagger\\\\L5Swa...')
#1 C:\\wamp64\\www\\nammav2appweb\\vendor\\laravel\\framework\\src\\Illuminate\\Foundation\\ProviderRepository.php(61): Illuminate\\Foundation\\ProviderRepository->compileManifest(Array)
#2 C:\\wamp64\\www\\nammav2appweb\\vendor\\laravel\\framework\\src\\Illuminate\\Foundation\\Application.php(659): Illuminate\\Foundation\\ProviderRepository->load(Array)
#3 C:\\wamp64\\www\\nammav2appweb\\vendor\\laravel\\framework\\src\\Illuminate\\Foundation\\Bootstrap\\RegisterProviders.php(17): Illuminate\\Foundation\\Application->registerConfiguredProviders()
#4 C:\\wamp64\\www\\nammav2appweb\\vendor\\laravel\\framework\\src\\Illuminate\\Foundation\\Application.php(237): Illuminate\\Foundation\\Bootstrap\\RegisterProviders->bootstrap(Object(Illuminate\\Foundation\\Application))
#5 C:\\wamp64\\www\\nammav2appweb\\vendor\\laravel\\framework\\src\\Illuminate\\Foundation\\Console\\Kernel.php(310): Illuminate\\Foundation\\Application->bootstrapWith(Array)
#6 C:\\wamp64\\www\\nammav2appweb\\vendor\\laravel\\framework\\src\\Illuminate\\Foundation\\Console\\Kernel.php(127): Illuminate\\Foundation\\Console\\Kernel->bootstrap()
#7 C:\\wamp64\\www\\nammav2appweb\\artisan(37): Illuminate\\Foundation\\Console\\Kernel->handle(Object(Symfony\\Component\\Console\\Input\\ArgvInput), Object(Symfony\\Component\\Console\\Output\\ConsoleOutput))
#8 {main}
"} 
[2023-07-22 13:14:56] local.ERROR: Class "L5Swagger\L5SwaggerServiceProvider" not found {"exception":"[object] (Error(code: 0): Class \"L5Swagger\\L5SwaggerServiceProvider\" not found at C:\\wamp64\\www\\nammav2appweb\\vendor\\laravel\\framework\\src\\Illuminate\\Foundation\\ProviderRepository.php:208)
[stacktrace]
#0 C:\\wamp64\\www\\nammav2appweb\\vendor\\laravel\\framework\\src\\Illuminate\\Foundation\\ProviderRepository.php(144): Illuminate\\Foundation\\ProviderRepository->createProvider('L5Swagger\\\\L5Swa...')
#1 C:\\wamp64\\www\\nammav2appweb\\vendor\\laravel\\framework\\src\\Illuminate\\Foundation\\ProviderRepository.php(61): Illuminate\\Foundation\\ProviderRepository->compileManifest(Array)
#2 C:\\wamp64\\www\\nammav2appweb\\vendor\\laravel\\framework\\src\\Illuminate\\Foundation\\Application.php(659): Illuminate\\Foundation\\ProviderRepository->load(Array)
#3 C:\\wamp64\\www\\nammav2appweb\\vendor\\laravel\\framework\\src\\Illuminate\\Foundation\\Bootstrap\\RegisterProviders.php(17): Illuminate\\Foundation\\Application->registerConfiguredProviders()
#4 C:\\wamp64\\www\\nammav2appweb\\vendor\\laravel\\framework\\src\\Illuminate\\Foundation\\Application.php(237): Illuminate\\Foundation\\Bootstrap\\RegisterProviders->bootstrap(Object(Illuminate\\Foundation\\Application))
#5 C:\\wamp64\\www\\nammav2appweb\\vendor\\laravel\\framework\\src\\Illuminate\\Foundation\\Http\\Kernel.php(153): Illuminate\\Foundation\\Application->bootstrapWith(Array)
#6 C:\\wamp64\\www\\nammav2appweb\\vendor\\laravel\\framework\\src\\Illuminate\\Foundation\\Http\\Kernel.php(137): Illuminate\\Foundation\\Http\\Kernel->bootstrap()
#7 C:\\wamp64\\www\\nammav2appweb\\vendor\\laravel\\framework\\src\\Illuminate\\Foundation\\Http\\Kernel.php(111): Illuminate\\Foundation\\Http\\Kernel->sendRequestThroughRouter(Object(Illuminate\\Http\\Request))
#8 C:\\wamp64\\www\\nammav2appweb\\public\\index.php(52): Illuminate\\Foundation\\Http\\Kernel->handle(Object(Illuminate\\Http\\Request))
#9 C:\\wamp64\\www\\nammav2appweb\\server.php(21): require_once('C:\\\\wamp64\\\\www\\\\n...')
#10 {main}
"} 
[2023-07-22 14:49:11] local.ERROR: Class "L5Swagger\L5SwaggerServiceProvider" not found {"exception":"[object] (Error(code: 0): Class \"L5Swagger\\L5SwaggerServiceProvider\" not found at C:\\wamp64\\www\\nammav2appweb\\vendor\\laravel\\framework\\src\\Illuminate\\Foundation\\ProviderRepository.php:208)
[stacktrace]
#0 C:\\wamp64\\www\\nammav2appweb\\vendor\\laravel\\framework\\src\\Illuminate\\Foundation\\ProviderRepository.php(144): Illuminate\\Foundation\\ProviderRepository->createProvider('L5Swagger\\\\L5Swa...')
#1 C:\\wamp64\\www\\nammav2appweb\\vendor\\laravel\\framework\\src\\Illuminate\\Foundation\\ProviderRepository.php(61): Illuminate\\Foundation\\ProviderRepository->compileManifest(Array)
#2 C:\\wamp64\\www\\nammav2appweb\\vendor\\laravel\\framework\\src\\Illuminate\\Foundation\\Application.php(659): Illuminate\\Foundation\\ProviderRepository->load(Array)
#3 C:\\wamp64\\www\\nammav2appweb\\vendor\\laravel\\framework\\src\\Illuminate\\Foundation\\Bootstrap\\RegisterProviders.php(17): Illuminate\\Foundation\\Application->registerConfiguredProviders()
#4 C:\\wamp64\\www\\nammav2appweb\\vendor\\laravel\\framework\\src\\Illuminate\\Foundation\\Application.php(237): Illuminate\\Foundation\\Bootstrap\\RegisterProviders->bootstrap(Object(Illuminate\\Foundation\\Application))
#5 C:\\wamp64\\www\\nammav2appweb\\vendor\\laravel\\framework\\src\\Illuminate\\Foundation\\Console\\Kernel.php(310): Illuminate\\Foundation\\Application->bootstrapWith(Array)
#6 C:\\wamp64\\www\\nammav2appweb\\vendor\\laravel\\framework\\src\\Illuminate\\Foundation\\Console\\Kernel.php(127): Illuminate\\Foundation\\Console\\Kernel->bootstrap()
#7 C:\\wamp64\\www\\nammav2appweb\\artisan(37): Illuminate\\Foundation\\Console\\Kernel->handle(Object(Symfony\\Component\\Console\\Input\\ArgvInput), Object(Symfony\\Component\\Console\\Output\\ConsoleOutput))
#8 {main}
"} 
[2023-07-22 14:49:20] local.ERROR: Class "L5Swagger\L5SwaggerServiceProvider" not found {"exception":"[object] (Error(code: 0): Class \"L5Swagger\\L5SwaggerServiceProvider\" not found at C:\\wamp64\\www\\nammav2appweb\\vendor\\laravel\\framework\\src\\Illuminate\\Foundation\\ProviderRepository.php:208)
[stacktrace]
#0 C:\\wamp64\\www\\nammav2appweb\\vendor\\laravel\\framework\\src\\Illuminate\\Foundation\\ProviderRepository.php(144): Illuminate\\Foundation\\ProviderRepository->createProvider('L5Swagger\\\\L5Swa...')
#1 C:\\wamp64\\www\\nammav2appweb\\vendor\\laravel\\framework\\src\\Illuminate\\Foundation\\ProviderRepository.php(61): Illuminate\\Foundation\\ProviderRepository->compileManifest(Array)
#2 C:\\wamp64\\www\\nammav2appweb\\vendor\\laravel\\framework\\src\\Illuminate\\Foundation\\Application.php(659): Illuminate\\Foundation\\ProviderRepository->load(Array)
#3 C:\\wamp64\\www\\nammav2appweb\\vendor\\laravel\\framework\\src\\Illuminate\\Foundation\\Bootstrap\\RegisterProviders.php(17): Illuminate\\Foundation\\Application->registerConfiguredProviders()
#4 C:\\wamp64\\www\\nammav2appweb\\vendor\\laravel\\framework\\src\\Illuminate\\Foundation\\Application.php(237): Illuminate\\Foundation\\Bootstrap\\RegisterProviders->bootstrap(Object(Illuminate\\Foundation\\Application))
#5 C:\\wamp64\\www\\nammav2appweb\\vendor\\laravel\\framework\\src\\Illuminate\\Foundation\\Http\\Kernel.php(153): Illuminate\\Foundation\\Application->bootstrapWith(Array)
#6 C:\\wamp64\\www\\nammav2appweb\\vendor\\laravel\\framework\\src\\Illuminate\\Foundation\\Http\\Kernel.php(137): Illuminate\\Foundation\\Http\\Kernel->bootstrap()
#7 C:\\wamp64\\www\\nammav2appweb\\vendor\\laravel\\framework\\src\\Illuminate\\Foundation\\Http\\Kernel.php(111): Illuminate\\Foundation\\Http\\Kernel->sendRequestThroughRouter(Object(Illuminate\\Http\\Request))
#8 C:\\wamp64\\www\\nammav2appweb\\public\\index.php(52): Illuminate\\Foundation\\Http\\Kernel->handle(Object(Illuminate\\Http\\Request))
#9 C:\\wamp64\\www\\nammav2appweb\\server.php(21): require_once('C:\\\\wamp64\\\\www\\\\n...')
#10 {main}
"} 
[2023-07-22 14:49:38] local.ERROR: Class "L5Swagger\L5SwaggerServiceProvider" not found {"exception":"[object] (Error(code: 0): Class \"L5Swagger\\L5SwaggerServiceProvider\" not found at C:\\wamp64\\www\\nammav2appweb\\vendor\\laravel\\framework\\src\\Illuminate\\Foundation\\ProviderRepository.php:208)
[stacktrace]
#0 C:\\wamp64\\www\\nammav2appweb\\vendor\\laravel\\framework\\src\\Illuminate\\Foundation\\ProviderRepository.php(144): Illuminate\\Foundation\\ProviderRepository->createProvider('L5Swagger\\\\L5Swa...')
#1 C:\\wamp64\\www\\nammav2appweb\\vendor\\laravel\\framework\\src\\Illuminate\\Foundation\\ProviderRepository.php(61): Illuminate\\Foundation\\ProviderRepository->compileManifest(Array)
#2 C:\\wamp64\\www\\nammav2appweb\\vendor\\laravel\\framework\\src\\Illuminate\\Foundation\\Application.php(659): Illuminate\\Foundation\\ProviderRepository->load(Array)
#3 C:\\wamp64\\www\\nammav2appweb\\vendor\\laravel\\framework\\src\\Illuminate\\Foundation\\Bootstrap\\RegisterProviders.php(17): Illuminate\\Foundation\\Application->registerConfiguredProviders()
#4 C:\\wamp64\\www\\nammav2appweb\\vendor\\laravel\\framework\\src\\Illuminate\\Foundation\\Application.php(237): Illuminate\\Foundation\\Bootstrap\\RegisterProviders->bootstrap(Object(Illuminate\\Foundation\\Application))
#5 C:\\wamp64\\www\\nammav2appweb\\vendor\\laravel\\framework\\src\\Illuminate\\Foundation\\Console\\Kernel.php(310): Illuminate\\Foundation\\Application->bootstrapWith(Array)
#6 C:\\wamp64\\www\\nammav2appweb\\vendor\\laravel\\framework\\src\\Illuminate\\Foundation\\Console\\Kernel.php(127): Illuminate\\Foundation\\Console\\Kernel->bootstrap()
#7 C:\\wamp64\\www\\nammav2appweb\\artisan(37): Illuminate\\Foundation\\Console\\Kernel->handle(Object(Symfony\\Component\\Console\\Input\\ArgvInput), Object(Symfony\\Component\\Console\\Output\\ConsoleOutput))
#8 {main}
"} 
[2023-07-22 14:50:33] local.ERROR: Class "L5Swagger\L5SwaggerServiceProvider" not found {"exception":"[object] (Error(code: 0): Class \"L5Swagger\\L5SwaggerServiceProvider\" not found at C:\\wamp64\\www\\nammav2appweb\\vendor\\laravel\\framework\\src\\Illuminate\\Foundation\\ProviderRepository.php:208)
[stacktrace]
#0 C:\\wamp64\\www\\nammav2appweb\\vendor\\laravel\\framework\\src\\Illuminate\\Foundation\\ProviderRepository.php(144): Illuminate\\Foundation\\ProviderRepository->createProvider('L5Swagger\\\\L5Swa...')
#1 C:\\wamp64\\www\\nammav2appweb\\vendor\\laravel\\framework\\src\\Illuminate\\Foundation\\ProviderRepository.php(61): Illuminate\\Foundation\\ProviderRepository->compileManifest(Array)
#2 C:\\wamp64\\www\\nammav2appweb\\vendor\\laravel\\framework\\src\\Illuminate\\Foundation\\Application.php(659): Illuminate\\Foundation\\ProviderRepository->load(Array)
#3 C:\\wamp64\\www\\nammav2appweb\\vendor\\laravel\\framework\\src\\Illuminate\\Foundation\\Bootstrap\\RegisterProviders.php(17): Illuminate\\Foundation\\Application->registerConfiguredProviders()
#4 C:\\wamp64\\www\\nammav2appweb\\vendor\\laravel\\framework\\src\\Illuminate\\Foundation\\Application.php(237): Illuminate\\Foundation\\Bootstrap\\RegisterProviders->bootstrap(Object(Illuminate\\Foundation\\Application))
#5 C:\\wamp64\\www\\nammav2appweb\\vendor\\laravel\\framework\\src\\Illuminate\\Foundation\\Http\\Kernel.php(153): Illuminate\\Foundation\\Application->bootstrapWith(Array)
#6 C:\\wamp64\\www\\nammav2appweb\\vendor\\laravel\\framework\\src\\Illuminate\\Foundation\\Http\\Kernel.php(137): Illuminate\\Foundation\\Http\\Kernel->bootstrap()
#7 C:\\wamp64\\www\\nammav2appweb\\vendor\\laravel\\framework\\src\\Illuminate\\Foundation\\Http\\Kernel.php(111): Illuminate\\Foundation\\Http\\Kernel->sendRequestThroughRouter(Object(Illuminate\\Http\\Request))
#8 C:\\wamp64\\www\\nammav2appweb\\public\\index.php(52): Illuminate\\Foundation\\Http\\Kernel->handle(Object(Illuminate\\Http\\Request))
#9 C:\\wamp64\\www\\nammav2appweb\\server.php(21): require_once('C:\\\\wamp64\\\\www\\\\n...')
#10 {main}
"} 
