[2023-09-01 06:01:26] local.ERROR: Cannot use isset() on the result of an expression (you can use "null !== expression" instead) {"userId":1,"exception":"[object] (Symfony\\Component\\ErrorHandler\\Error\\FatalError(code: 0): Cannot use isset() on the result of an expression (you can use \"null !== expression\" instead) at C:\\wamp64\\www\\nammav2appweb-3\\storage\\framework\\views\\5207a8511263621614db8f47619a134df2ef36aa.php:133)
[stacktrace]
#0 C:\\wamp64\\www\\nammav2appweb-3\\vendor\\laravel\\framework\\src\\Illuminate\\Foundation\\Bootstrap\\HandleExceptions.php(222): Symfony\\Component\\ErrorHandler\\Error\\FatalError->__construct(message: ''Cannot use iss...', code: '0', error: '['type' => 64, ...', traceOffset: '0', traceArgs: '???', trace: '???')
#1 C:\\wamp64\\www\\nammav2appweb-3\\vendor\\laravel\\framework\\src\\Illuminate\\Foundation\\Bootstrap\\HandleExceptions.php(209): Illuminate\\Foundation\\Bootstrap\\HandleExceptions->fatalErrorFromPhpError(error: '['type' => 64, ...', traceOffset: '0')
#2 C:\\wamp64\\www\\nammav2appweb-3\\vendor\\laravel\\framework\\src\\Illuminate\\Foundation\\Bootstrap\\HandleExceptions.php(0): Illuminate\\Foundation\\Bootstrap\\HandleExceptions->handleShutdown()
#3 C:\\wamp64\\www\\nammav2appweb-3\\vendor\\laravel\\framework\\src\\Illuminate\\Filesystem\\Filesystem.php(108): Illuminate\\Filesystem\\Filesystem::Illuminate\\Filesystem\\{closure:C:\\wamp64\\www\\nammav2appweb-3\\vendor\\laravel\\framework\\src\\Illuminate\\Filesystem\\Filesystem.php:104-108}()
#4 C:\\wamp64\\www\\nammav2appweb-3\\vendor\\laravel\\framework\\src\\Illuminate\\View\\Engines\\PhpEngine.php(58): Illuminate\\Filesystem\\Filesystem->getRequire(path: ''C:\\\\\\\\wamp64\\\\\\\\ww...', data: '['__env' => cla...')
#5 C:\\wamp64\\www\\nammav2appweb-3\\vendor\\laravel\\framework\\src\\Illuminate\\View\\Engines\\CompilerEngine.php(61): Facade\\Ignition\\Views\\Engines\\CompilerEngine->evaluatePath(path: ''C:\\\\\\\\wamp64\\\\\\\\ww...', data: '['__env' => cla...')
#6 C:\\wamp64\\www\\nammav2appweb-3\\vendor\\facade\\ignition\\src\\Views\\Engines\\CompilerEngine.php(37): Facade\\Ignition\\Views\\Engines\\CompilerEngine->get(path: ''C:\\\\\\\\wamp64\\\\\\\\ww...', data: '['__env' => cla...')
#7 C:\\wamp64\\www\\nammav2appweb-3\\vendor\\laravel\\framework\\src\\Illuminate\\View\\View.php(139): Facade\\Ignition\\Views\\Engines\\CompilerEngine->get(path: ''C:\\\\\\\\wamp64\\\\\\\\ww...', data: '['__env' => cla...')
#8 C:\\wamp64\\www\\nammav2appweb-3\\vendor\\laravel\\framework\\src\\Illuminate\\View\\View.php(122): Illuminate\\View\\View->getContents()
#9 C:\\wamp64\\www\\nammav2appweb-3\\vendor\\laravel\\framework\\src\\Illuminate\\View\\View.php(91): Illuminate\\View\\View->renderContents()
#10 C:\\wamp64\\www\\nammav2appweb-3\\vendor\\laravel\\framework\\src\\Illuminate\\Http\\Response.php(69): Illuminate\\View\\View->render(callback: '???')
#11 C:\\wamp64\\www\\nammav2appweb-3\\vendor\\laravel\\framework\\src\\Illuminate\\Http\\Response.php(35): Illuminate\\Http\\Response->setContent(content: 'class Illuminat...')
#12 C:\\wamp64\\www\\nammav2appweb-3\\vendor\\laravel\\framework\\src\\Illuminate\\Routing\\Router.php(820): Illuminate\\Http\\Response->__construct(content: 'class Illuminat...', status: '200', headers: '['Content-Type'...')
#13 C:\\wamp64\\www\\nammav2appweb-3\\vendor\\laravel\\framework\\src\\Illuminate\\Routing\\Router.php(789): Illuminate\\Routing\\Router::toResponse(request: 'class Illuminat...', response: 'class Illuminat...')
#14 C:\\wamp64\\www\\nammav2appweb-3\\vendor\\laravel\\framework\\src\\Illuminate\\Routing\\Router.php(721): Illuminate\\Routing\\Router->prepareResponse(request: 'class Illuminat...', response: 'class Illuminat...')
#15 C:\\wamp64\\www\\nammav2appweb-3\\vendor\\laravel\\framework\\src\\Illuminate\\Pipeline\\Pipeline.php(128): Illuminate\\Routing\\Router->Illuminate\\Routing\\{closure:C:\\wamp64\\www\\nammav2appweb-3\\vendor\\laravel\\framework\\src\\Illuminate\\Routing\\Router.php:719-723}(request: 'class Illuminat...')
#16 C:\\wamp64\\www\\nammav2appweb-3\\vendor\\laravel\\framework\\src\\Illuminate\\Auth\\Middleware\\EnsureEmailIsVerified.php(30): Illuminate\\Routing\\Pipeline->Illuminate\\Pipeline\\{closure:C:\\wamp64\\www\\nammav2appweb-3\\vendor\\laravel\\framework\\src\\Illuminate\\Pipeline\\Pipeline.php:126-132}(passable: 'class Illuminat...')
#17 C:\\wamp64\\www\\nammav2appweb-3\\vendor\\laravel\\framework\\src\\Illuminate\\Pipeline\\Pipeline.php(167): Illuminate\\Auth\\Middleware\\EnsureEmailIsVerified->handle(request: 'class Illuminat...', next: 'class Closure {...', redirectToRoute: '???')
#18 C:\\wamp64\\www\\nammav2appweb-3\\app\\Http\\Middleware\\LanguageTranslator.php(13): Illuminate\\Routing\\Pipeline->Illuminate\\Pipeline\\{closure:C:\\wamp64\\www\\nammav2appweb-3\\vendor\\laravel\\framework\\src\\Illuminate\\Pipeline\\Pipeline.php:143-174}(passable: 'class Illuminat...')
#19 C:\\wamp64\\www\\nammav2appweb-3\\vendor\\laravel\\framework\\src\\Illuminate\\Pipeline\\Pipeline.php(167): App\\Http\\Middleware\\LanguageTranslator->handle(request: 'class Illuminat...', next: 'class Closure {...')
#20 C:\\wamp64\\www\\nammav2appweb-3\\vendor\\laravel\\framework\\src\\Illuminate\\Routing\\Middleware\\SubstituteBindings.php(50): Illuminate\\Routing\\Pipeline->Illuminate\\Pipeline\\{closure:C:\\wamp64\\www\\nammav2appweb-3\\vendor\\laravel\\framework\\src\\Illuminate\\Pipeline\\Pipeline.php:143-174}(passable: 'class Illuminat...')
#21 C:\\wamp64\\www\\nammav2appweb-3\\vendor\\laravel\\framework\\src\\Illuminate\\Pipeline\\Pipeline.php(167): Illuminate\\Routing\\Middleware\\SubstituteBindings->handle(request: 'class Illuminat...', next: 'class Closure {...')
#22 C:\\wamp64\\www\\nammav2appweb-3\\vendor\\laravel\\framework\\src\\Illuminate\\Auth\\Middleware\\Authenticate.php(44): Illuminate\\Routing\\Pipeline->Illuminate\\Pipeline\\{closure:C:\\wamp64\\www\\nammav2appweb-3\\vendor\\laravel\\framework\\src\\Illuminate\\Pipeline\\Pipeline.php:143-174}(passable: 'class Illuminat...')
#23 C:\\wamp64\\www\\nammav2appweb-3\\vendor\\laravel\\framework\\src\\Illuminate\\Pipeline\\Pipeline.php(167): App\\Http\\Middleware\\Authenticate->handle(request: 'class Illuminat...', next: 'class Closure {...')
#24 C:\\wamp64\\www\\nammav2appweb-3\\vendor\\laravel\\framework\\src\\Illuminate\\Foundation\\Http\\Middleware\\VerifyCsrfToken.php(78): Illuminate\\Routing\\Pipeline->Illuminate\\Pipeline\\{closure:C:\\wamp64\\www\\nammav2appweb-3\\vendor\\laravel\\framework\\src\\Illuminate\\Pipeline\\Pipeline.php:143-174}(passable: 'class Illuminat...')
#25 C:\\wamp64\\www\\nammav2appweb-3\\vendor\\laravel\\framework\\src\\Illuminate\\Pipeline\\Pipeline.php(167): App\\Http\\Middleware\\VerifyCsrfToken->handle(request: 'class Illuminat...', next: 'class Closure {...')
#26 C:\\wamp64\\www\\nammav2appweb-3\\vendor\\laravel\\framework\\src\\Illuminate\\View\\Middleware\\ShareErrorsFromSession.php(49): Illuminate\\Routing\\Pipeline->Illuminate\\Pipeline\\{closure:C:\\wamp64\\www\\nammav2appweb-3\\vendor\\laravel\\framework\\src\\Illuminate\\Pipeline\\Pipeline.php:143-174}(passable: 'class Illuminat...')
#27 C:\\wamp64\\www\\nammav2appweb-3\\vendor\\laravel\\framework\\src\\Illuminate\\Pipeline\\Pipeline.php(167): Illuminate\\View\\Middleware\\ShareErrorsFromSession->handle(request: 'class Illuminat...', next: 'class Closure {...')
#28 C:\\wamp64\\www\\nammav2appweb-3\\vendor\\laravel\\framework\\src\\Illuminate\\Session\\Middleware\\StartSession.php(121): Illuminate\\Routing\\Pipeline->Illuminate\\Pipeline\\{closure:C:\\wamp64\\www\\nammav2appweb-3\\vendor\\laravel\\framework\\src\\Illuminate\\Pipeline\\Pipeline.php:143-174}(passable: 'class Illuminat...')
#29 C:\\wamp64\\www\\nammav2appweb-3\\vendor\\laravel\\framework\\src\\Illuminate\\Session\\Middleware\\StartSession.php(64): Illuminate\\Session\\Middleware\\StartSession->handleStatefulRequest(request: 'class Illuminat...', session: 'class Illuminat...', next: 'class Closure {...')
#30 C:\\wamp64\\www\\nammav2appweb-3\\vendor\\laravel\\framework\\src\\Illuminate\\Pipeline\\Pipeline.php(167): Illuminate\\Session\\Middleware\\StartSession->handle(request: 'class Illuminat...', next: 'class Closure {...')
#31 C:\\wamp64\\www\\nammav2appweb-3\\vendor\\laravel\\framework\\src\\Illuminate\\Cookie\\Middleware\\AddQueuedCookiesToResponse.php(37): Illuminate\\Routing\\Pipeline->Illuminate\\Pipeline\\{closure:C:\\wamp64\\www\\nammav2appweb-3\\vendor\\laravel\\framework\\src\\Illuminate\\Pipeline\\Pipeline.php:143-174}(passable: 'class Illuminat...')
#32 C:\\wamp64\\www\\nammav2appweb-3\\vendor\\laravel\\framework\\src\\Illuminate\\Pipeline\\Pipeline.php(167): Illuminate\\Cookie\\Middleware\\AddQueuedCookiesToResponse->handle(request: 'class Illuminat...', next: 'class Closure {...')
#33 C:\\wamp64\\www\\nammav2appweb-3\\vendor\\laravel\\framework\\src\\Illuminate\\Cookie\\Middleware\\EncryptCookies.php(67): Illuminate\\Routing\\Pipeline->Illuminate\\Pipeline\\{closure:C:\\wamp64\\www\\nammav2appweb-3\\vendor\\laravel\\framework\\src\\Illuminate\\Pipeline\\Pipeline.php:143-174}(passable: 'class Illuminat...')
#34 C:\\wamp64\\www\\nammav2appweb-3\\vendor\\laravel\\framework\\src\\Illuminate\\Pipeline\\Pipeline.php(167): App\\Http\\Middleware\\EncryptCookies->handle(request: 'class Illuminat...', next: 'class Closure {...')
#35 C:\\wamp64\\www\\nammav2appweb-3\\vendor\\laravel\\framework\\src\\Illuminate\\Pipeline\\Pipeline.php(103): Illuminate\\Routing\\Pipeline->Illuminate\\Pipeline\\{closure:C:\\wamp64\\www\\nammav2appweb-3\\vendor\\laravel\\framework\\src\\Illuminate\\Pipeline\\Pipeline.php:143-174}(passable: 'class Illuminat...')
#36 C:\\wamp64\\www\\nammav2appweb-3\\vendor\\laravel\\framework\\src\\Illuminate\\Routing\\Router.php(723): Illuminate\\Routing\\Pipeline->then(destination: 'class Closure {...')
#37 C:\\wamp64\\www\\nammav2appweb-3\\vendor\\laravel\\framework\\src\\Illuminate\\Routing\\Router.php(698): Illuminate\\Routing\\Router->runRouteWithinStack(route: 'class Illuminat...', request: 'class Illuminat...')
#38 C:\\wamp64\\www\\nammav2appweb-3\\vendor\\laravel\\framework\\src\\Illuminate\\Routing\\Router.php(662): Illuminate\\Routing\\Router->runRoute(request: 'class Illuminat...', route: 'class Illuminat...')
#39 C:\\wamp64\\www\\nammav2appweb-3\\vendor\\laravel\\framework\\src\\Illuminate\\Routing\\Router.php(651): Illuminate\\Routing\\Router->dispatchToRoute(request: 'class Illuminat...')
#40 C:\\wamp64\\www\\nammav2appweb-3\\vendor\\laravel\\framework\\src\\Illuminate\\Foundation\\Http\\Kernel.php(167): Illuminate\\Routing\\Router->dispatch(request: 'class Illuminat...')
#41 C:\\wamp64\\www\\nammav2appweb-3\\vendor\\laravel\\framework\\src\\Illuminate\\Pipeline\\Pipeline.php(128): App\\Http\\Kernel->Illuminate\\Foundation\\Http\\{closure:C:\\wamp64\\www\\nammav2appweb-3\\vendor\\laravel\\framework\\src\\Illuminate\\Foundation\\Http\\Kernel.php:164-168}(request: 'class Illuminat...')
#42 C:\\wamp64\\www\\nammav2appweb-3\\vendor\\laravel\\framework\\src\\Illuminate\\Foundation\\Http\\Middleware\\TransformsRequest.php(21): Illuminate\\Routing\\Pipeline->Illuminate\\Pipeline\\{closure:C:\\wamp64\\www\\nammav2appweb-3\\vendor\\laravel\\framework\\src\\Illuminate\\Pipeline\\Pipeline.php:126-132}(passable: 'class Illuminat...')
#43 C:\\wamp64\\www\\nammav2appweb-3\\vendor\\laravel\\framework\\src\\Illuminate\\Foundation\\Http\\Middleware\\ConvertEmptyStringsToNull.php(31): Illuminate\\Foundation\\Http\\Middleware\\ConvertEmptyStringsToNull->handle(request: 'class Illuminat...', next: 'class Closure {...')
#44 C:\\wamp64\\www\\nammav2appweb-3\\vendor\\laravel\\framework\\src\\Illuminate\\Pipeline\\Pipeline.php(167): Illuminate\\Foundation\\Http\\Middleware\\ConvertEmptyStringsToNull->handle(request: 'class Illuminat...', next: 'class Closure {...')
#45 C:\\wamp64\\www\\nammav2appweb-3\\vendor\\laravel\\framework\\src\\Illuminate\\Foundation\\Http\\Middleware\\TransformsRequest.php(21): Illuminate\\Routing\\Pipeline->Illuminate\\Pipeline\\{closure:C:\\wamp64\\www\\nammav2appweb-3\\vendor\\laravel\\framework\\src\\Illuminate\\Pipeline\\Pipeline.php:143-174}(passable: 'class Illuminat...')
#46 C:\\wamp64\\www\\nammav2appweb-3\\vendor\\laravel\\framework\\src\\Illuminate\\Foundation\\Http\\Middleware\\TrimStrings.php(40): App\\Http\\Middleware\\TrimStrings->handle(request: 'class Illuminat...', next: 'class Closure {...')
#47 C:\\wamp64\\www\\nammav2appweb-3\\vendor\\laravel\\framework\\src\\Illuminate\\Pipeline\\Pipeline.php(167): App\\Http\\Middleware\\TrimStrings->handle(request: 'class Illuminat...', next: 'class Closure {...')
#48 C:\\wamp64\\www\\nammav2appweb-3\\vendor\\laravel\\framework\\src\\Illuminate\\Foundation\\Http\\Middleware\\ValidatePostSize.php(27): Illuminate\\Routing\\Pipeline->Illuminate\\Pipeline\\{closure:C:\\wamp64\\www\\nammav2appweb-3\\vendor\\laravel\\framework\\src\\Illuminate\\Pipeline\\Pipeline.php:143-174}(passable: 'class Illuminat...')
#49 C:\\wamp64\\www\\nammav2appweb-3\\vendor\\laravel\\framework\\src\\Illuminate\\Pipeline\\Pipeline.php(167): Illuminate\\Foundation\\Http\\Middleware\\ValidatePostSize->handle(request: 'class Illuminat...', next: 'class Closure {...')
#50 C:\\wamp64\\www\\nammav2appweb-3\\vendor\\laravel\\framework\\src\\Illuminate\\Foundation\\Http\\Middleware\\PreventRequestsDuringMaintenance.php(86): Illuminate\\Routing\\Pipeline->Illuminate\\Pipeline\\{closure:C:\\wamp64\\www\\nammav2appweb-3\\vendor\\laravel\\framework\\src\\Illuminate\\Pipeline\\Pipeline.php:143-174}(passable: 'class Illuminat...')
#51 C:\\wamp64\\www\\nammav2appweb-3\\vendor\\laravel\\framework\\src\\Illuminate\\Pipeline\\Pipeline.php(167): App\\Http\\Middleware\\PreventRequestsDuringMaintenance->handle(request: 'class Illuminat...', next: 'class Closure {...')
#52 C:\\wamp64\\www\\nammav2appweb-3\\vendor\\fruitcake\\laravel-cors\\src\\HandleCors.php(38): Illuminate\\Routing\\Pipeline->Illuminate\\Pipeline\\{closure:C:\\wamp64\\www\\nammav2appweb-3\\vendor\\laravel\\framework\\src\\Illuminate\\Pipeline\\Pipeline.php:143-174}(passable: 'class Illuminat...')
#53 C:\\wamp64\\www\\nammav2appweb-3\\vendor\\laravel\\framework\\src\\Illuminate\\Pipeline\\Pipeline.php(167): Fruitcake\\Cors\\HandleCors->handle(request: 'class Illuminat...', next: 'class Closure {...')
#54 C:\\wamp64\\www\\nammav2appweb-3\\vendor\\fideloper\\proxy\\src\\TrustProxies.php(57): Illuminate\\Routing\\Pipeline->Illuminate\\Pipeline\\{closure:C:\\wamp64\\www\\nammav2appweb-3\\vendor\\laravel\\framework\\src\\Illuminate\\Pipeline\\Pipeline.php:143-174}(passable: 'class Illuminat...')
#55 C:\\wamp64\\www\\nammav2appweb-3\\vendor\\laravel\\framework\\src\\Illuminate\\Pipeline\\Pipeline.php(167): App\\Http\\Middleware\\TrustProxies->handle(request: 'class Illuminat...', next: 'class Closure {...')
#56 C:\\wamp64\\www\\nammav2appweb-3\\vendor\\laravel\\framework\\src\\Illuminate\\Pipeline\\Pipeline.php(103): Illuminate\\Routing\\Pipeline->Illuminate\\Pipeline\\{closure:C:\\wamp64\\www\\nammav2appweb-3\\vendor\\laravel\\framework\\src\\Illuminate\\Pipeline\\Pipeline.php:143-174}(passable: 'class Illuminat...')
#57 C:\\wamp64\\www\\nammav2appweb-3\\vendor\\laravel\\framework\\src\\Illuminate\\Foundation\\Http\\Kernel.php(142): Illuminate\\Routing\\Pipeline->then(destination: 'class Closure {...')
#58 C:\\wamp64\\www\\nammav2appweb-3\\vendor\\laravel\\framework\\src\\Illuminate\\Foundation\\Http\\Kernel.php(111): App\\Http\\Kernel->sendRequestThroughRouter(request: 'class Illuminat...')
#59 C:\\wamp64\\www\\nammav2appweb-3\\public\\index.php(52): App\\Http\\Kernel->handle(request: 'class Illuminat...')
#60 C:\\wamp64\\www\\nammav2appweb-3\\server.php(21): ()
#61 C:\\wamp64\\www\\nammav2appweb-3\\server.php(0): {main}()
#62 {main}
"} 
[2023-09-01 06:01:59] local.ERROR: Cannot use isset() on the result of an expression (you can use "null !== expression" instead) {"userId":1,"exception":"[object] (Symfony\\Component\\ErrorHandler\\Error\\FatalError(code: 0): Cannot use isset() on the result of an expression (you can use \"null !== expression\" instead) at C:\\wamp64\\www\\nammav2appweb-3\\storage\\framework\\views\\5207a8511263621614db8f47619a134df2ef36aa.php:133)
[stacktrace]
#0 C:\\wamp64\\www\\nammav2appweb-3\\vendor\\laravel\\framework\\src\\Illuminate\\Foundation\\Bootstrap\\HandleExceptions.php(222): Symfony\\Component\\ErrorHandler\\Error\\FatalError->__construct(message: ''Cannot use iss...', code: '0', error: '['type' => 64, ...', traceOffset: '0', traceArgs: '???', trace: '???')
#1 C:\\wamp64\\www\\nammav2appweb-3\\vendor\\laravel\\framework\\src\\Illuminate\\Foundation\\Bootstrap\\HandleExceptions.php(209): Illuminate\\Foundation\\Bootstrap\\HandleExceptions->fatalErrorFromPhpError(error: '['type' => 64, ...', traceOffset: '0')
#2 C:\\wamp64\\www\\nammav2appweb-3\\vendor\\laravel\\framework\\src\\Illuminate\\Foundation\\Bootstrap\\HandleExceptions.php(0): Illuminate\\Foundation\\Bootstrap\\HandleExceptions->handleShutdown()
#3 C:\\wamp64\\www\\nammav2appweb-3\\vendor\\laravel\\framework\\src\\Illuminate\\Filesystem\\Filesystem.php(108): Illuminate\\Filesystem\\Filesystem::Illuminate\\Filesystem\\{closure:C:\\wamp64\\www\\nammav2appweb-3\\vendor\\laravel\\framework\\src\\Illuminate\\Filesystem\\Filesystem.php:104-108}()
#4 C:\\wamp64\\www\\nammav2appweb-3\\vendor\\laravel\\framework\\src\\Illuminate\\View\\Engines\\PhpEngine.php(58): Illuminate\\Filesystem\\Filesystem->getRequire(path: ''C:\\\\\\\\wamp64\\\\\\\\ww...', data: '['__env' => cla...')
#5 C:\\wamp64\\www\\nammav2appweb-3\\vendor\\laravel\\framework\\src\\Illuminate\\View\\Engines\\CompilerEngine.php(61): Facade\\Ignition\\Views\\Engines\\CompilerEngine->evaluatePath(path: ''C:\\\\\\\\wamp64\\\\\\\\ww...', data: '['__env' => cla...')
#6 C:\\wamp64\\www\\nammav2appweb-3\\vendor\\facade\\ignition\\src\\Views\\Engines\\CompilerEngine.php(37): Facade\\Ignition\\Views\\Engines\\CompilerEngine->get(path: ''C:\\\\\\\\wamp64\\\\\\\\ww...', data: '['__env' => cla...')
#7 C:\\wamp64\\www\\nammav2appweb-3\\vendor\\laravel\\framework\\src\\Illuminate\\View\\View.php(139): Facade\\Ignition\\Views\\Engines\\CompilerEngine->get(path: ''C:\\\\\\\\wamp64\\\\\\\\ww...', data: '['__env' => cla...')
#8 C:\\wamp64\\www\\nammav2appweb-3\\vendor\\laravel\\framework\\src\\Illuminate\\View\\View.php(122): Illuminate\\View\\View->getContents()
#9 C:\\wamp64\\www\\nammav2appweb-3\\vendor\\laravel\\framework\\src\\Illuminate\\View\\View.php(91): Illuminate\\View\\View->renderContents()
#10 C:\\wamp64\\www\\nammav2appweb-3\\vendor\\laravel\\framework\\src\\Illuminate\\Http\\Response.php(69): Illuminate\\View\\View->render(callback: '???')
#11 C:\\wamp64\\www\\nammav2appweb-3\\vendor\\laravel\\framework\\src\\Illuminate\\Http\\Response.php(35): Illuminate\\Http\\Response->setContent(content: 'class Illuminat...')
#12 C:\\wamp64\\www\\nammav2appweb-3\\vendor\\laravel\\framework\\src\\Illuminate\\Routing\\Router.php(820): Illuminate\\Http\\Response->__construct(content: 'class Illuminat...', status: '200', headers: '['Content-Type'...')
#13 C:\\wamp64\\www\\nammav2appweb-3\\vendor\\laravel\\framework\\src\\Illuminate\\Routing\\Router.php(789): Illuminate\\Routing\\Router::toResponse(request: 'class Illuminat...', response: 'class Illuminat...')
#14 C:\\wamp64\\www\\nammav2appweb-3\\vendor\\laravel\\framework\\src\\Illuminate\\Routing\\Router.php(721): Illuminate\\Routing\\Router->prepareResponse(request: 'class Illuminat...', response: 'class Illuminat...')
#15 C:\\wamp64\\www\\nammav2appweb-3\\vendor\\laravel\\framework\\src\\Illuminate\\Pipeline\\Pipeline.php(128): Illuminate\\Routing\\Router->Illuminate\\Routing\\{closure:C:\\wamp64\\www\\nammav2appweb-3\\vendor\\laravel\\framework\\src\\Illuminate\\Routing\\Router.php:719-723}(request: 'class Illuminat...')
#16 C:\\wamp64\\www\\nammav2appweb-3\\vendor\\laravel\\framework\\src\\Illuminate\\Auth\\Middleware\\EnsureEmailIsVerified.php(30): Illuminate\\Routing\\Pipeline->Illuminate\\Pipeline\\{closure:C:\\wamp64\\www\\nammav2appweb-3\\vendor\\laravel\\framework\\src\\Illuminate\\Pipeline\\Pipeline.php:126-132}(passable: 'class Illuminat...')
#17 C:\\wamp64\\www\\nammav2appweb-3\\vendor\\laravel\\framework\\src\\Illuminate\\Pipeline\\Pipeline.php(167): Illuminate\\Auth\\Middleware\\EnsureEmailIsVerified->handle(request: 'class Illuminat...', next: 'class Closure {...', redirectToRoute: '???')
#18 C:\\wamp64\\www\\nammav2appweb-3\\app\\Http\\Middleware\\LanguageTranslator.php(13): Illuminate\\Routing\\Pipeline->Illuminate\\Pipeline\\{closure:C:\\wamp64\\www\\nammav2appweb-3\\vendor\\laravel\\framework\\src\\Illuminate\\Pipeline\\Pipeline.php:143-174}(passable: 'class Illuminat...')
#19 C:\\wamp64\\www\\nammav2appweb-3\\vendor\\laravel\\framework\\src\\Illuminate\\Pipeline\\Pipeline.php(167): App\\Http\\Middleware\\LanguageTranslator->handle(request: 'class Illuminat...', next: 'class Closure {...')
#20 C:\\wamp64\\www\\nammav2appweb-3\\vendor\\laravel\\framework\\src\\Illuminate\\Routing\\Middleware\\SubstituteBindings.php(50): Illuminate\\Routing\\Pipeline->Illuminate\\Pipeline\\{closure:C:\\wamp64\\www\\nammav2appweb-3\\vendor\\laravel\\framework\\src\\Illuminate\\Pipeline\\Pipeline.php:143-174}(passable: 'class Illuminat...')
#21 C:\\wamp64\\www\\nammav2appweb-3\\vendor\\laravel\\framework\\src\\Illuminate\\Pipeline\\Pipeline.php(167): Illuminate\\Routing\\Middleware\\SubstituteBindings->handle(request: 'class Illuminat...', next: 'class Closure {...')
#22 C:\\wamp64\\www\\nammav2appweb-3\\vendor\\laravel\\framework\\src\\Illuminate\\Auth\\Middleware\\Authenticate.php(44): Illuminate\\Routing\\Pipeline->Illuminate\\Pipeline\\{closure:C:\\wamp64\\www\\nammav2appweb-3\\vendor\\laravel\\framework\\src\\Illuminate\\Pipeline\\Pipeline.php:143-174}(passable: 'class Illuminat...')
#23 C:\\wamp64\\www\\nammav2appweb-3\\vendor\\laravel\\framework\\src\\Illuminate\\Pipeline\\Pipeline.php(167): App\\Http\\Middleware\\Authenticate->handle(request: 'class Illuminat...', next: 'class Closure {...')
#24 C:\\wamp64\\www\\nammav2appweb-3\\vendor\\laravel\\framework\\src\\Illuminate\\Foundation\\Http\\Middleware\\VerifyCsrfToken.php(78): Illuminate\\Routing\\Pipeline->Illuminate\\Pipeline\\{closure:C:\\wamp64\\www\\nammav2appweb-3\\vendor\\laravel\\framework\\src\\Illuminate\\Pipeline\\Pipeline.php:143-174}(passable: 'class Illuminat...')
#25 C:\\wamp64\\www\\nammav2appweb-3\\vendor\\laravel\\framework\\src\\Illuminate\\Pipeline\\Pipeline.php(167): App\\Http\\Middleware\\VerifyCsrfToken->handle(request: 'class Illuminat...', next: 'class Closure {...')
#26 C:\\wamp64\\www\\nammav2appweb-3\\vendor\\laravel\\framework\\src\\Illuminate\\View\\Middleware\\ShareErrorsFromSession.php(49): Illuminate\\Routing\\Pipeline->Illuminate\\Pipeline\\{closure:C:\\wamp64\\www\\nammav2appweb-3\\vendor\\laravel\\framework\\src\\Illuminate\\Pipeline\\Pipeline.php:143-174}(passable: 'class Illuminat...')
#27 C:\\wamp64\\www\\nammav2appweb-3\\vendor\\laravel\\framework\\src\\Illuminate\\Pipeline\\Pipeline.php(167): Illuminate\\View\\Middleware\\ShareErrorsFromSession->handle(request: 'class Illuminat...', next: 'class Closure {...')
#28 C:\\wamp64\\www\\nammav2appweb-3\\vendor\\laravel\\framework\\src\\Illuminate\\Session\\Middleware\\StartSession.php(121): Illuminate\\Routing\\Pipeline->Illuminate\\Pipeline\\{closure:C:\\wamp64\\www\\nammav2appweb-3\\vendor\\laravel\\framework\\src\\Illuminate\\Pipeline\\Pipeline.php:143-174}(passable: 'class Illuminat...')
#29 C:\\wamp64\\www\\nammav2appweb-3\\vendor\\laravel\\framework\\src\\Illuminate\\Session\\Middleware\\StartSession.php(64): Illuminate\\Session\\Middleware\\StartSession->handleStatefulRequest(request: 'class Illuminat...', session: 'class Illuminat...', next: 'class Closure {...')
#30 C:\\wamp64\\www\\nammav2appweb-3\\vendor\\laravel\\framework\\src\\Illuminate\\Pipeline\\Pipeline.php(167): Illuminate\\Session\\Middleware\\StartSession->handle(request: 'class Illuminat...', next: 'class Closure {...')
#31 C:\\wamp64\\www\\nammav2appweb-3\\vendor\\laravel\\framework\\src\\Illuminate\\Cookie\\Middleware\\AddQueuedCookiesToResponse.php(37): Illuminate\\Routing\\Pipeline->Illuminate\\Pipeline\\{closure:C:\\wamp64\\www\\nammav2appweb-3\\vendor\\laravel\\framework\\src\\Illuminate\\Pipeline\\Pipeline.php:143-174}(passable: 'class Illuminat...')
#32 C:\\wamp64\\www\\nammav2appweb-3\\vendor\\laravel\\framework\\src\\Illuminate\\Pipeline\\Pipeline.php(167): Illuminate\\Cookie\\Middleware\\AddQueuedCookiesToResponse->handle(request: 'class Illuminat...', next: 'class Closure {...')
#33 C:\\wamp64\\www\\nammav2appweb-3\\vendor\\laravel\\framework\\src\\Illuminate\\Cookie\\Middleware\\EncryptCookies.php(67): Illuminate\\Routing\\Pipeline->Illuminate\\Pipeline\\{closure:C:\\wamp64\\www\\nammav2appweb-3\\vendor\\laravel\\framework\\src\\Illuminate\\Pipeline\\Pipeline.php:143-174}(passable: 'class Illuminat...')
#34 C:\\wamp64\\www\\nammav2appweb-3\\vendor\\laravel\\framework\\src\\Illuminate\\Pipeline\\Pipeline.php(167): App\\Http\\Middleware\\EncryptCookies->handle(request: 'class Illuminat...', next: 'class Closure {...')
#35 C:\\wamp64\\www\\nammav2appweb-3\\vendor\\laravel\\framework\\src\\Illuminate\\Pipeline\\Pipeline.php(103): Illuminate\\Routing\\Pipeline->Illuminate\\Pipeline\\{closure:C:\\wamp64\\www\\nammav2appweb-3\\vendor\\laravel\\framework\\src\\Illuminate\\Pipeline\\Pipeline.php:143-174}(passable: 'class Illuminat...')
#36 C:\\wamp64\\www\\nammav2appweb-3\\vendor\\laravel\\framework\\src\\Illuminate\\Routing\\Router.php(723): Illuminate\\Routing\\Pipeline->then(destination: 'class Closure {...')
#37 C:\\wamp64\\www\\nammav2appweb-3\\vendor\\laravel\\framework\\src\\Illuminate\\Routing\\Router.php(698): Illuminate\\Routing\\Router->runRouteWithinStack(route: 'class Illuminat...', request: 'class Illuminat...')
#38 C:\\wamp64\\www\\nammav2appweb-3\\vendor\\laravel\\framework\\src\\Illuminate\\Routing\\Router.php(662): Illuminate\\Routing\\Router->runRoute(request: 'class Illuminat...', route: 'class Illuminat...')
#39 C:\\wamp64\\www\\nammav2appweb-3\\vendor\\laravel\\framework\\src\\Illuminate\\Routing\\Router.php(651): Illuminate\\Routing\\Router->dispatchToRoute(request: 'class Illuminat...')
#40 C:\\wamp64\\www\\nammav2appweb-3\\vendor\\laravel\\framework\\src\\Illuminate\\Foundation\\Http\\Kernel.php(167): Illuminate\\Routing\\Router->dispatch(request: 'class Illuminat...')
#41 C:\\wamp64\\www\\nammav2appweb-3\\vendor\\laravel\\framework\\src\\Illuminate\\Pipeline\\Pipeline.php(128): App\\Http\\Kernel->Illuminate\\Foundation\\Http\\{closure:C:\\wamp64\\www\\nammav2appweb-3\\vendor\\laravel\\framework\\src\\Illuminate\\Foundation\\Http\\Kernel.php:164-168}(request: 'class Illuminat...')
#42 C:\\wamp64\\www\\nammav2appweb-3\\vendor\\laravel\\framework\\src\\Illuminate\\Foundation\\Http\\Middleware\\TransformsRequest.php(21): Illuminate\\Routing\\Pipeline->Illuminate\\Pipeline\\{closure:C:\\wamp64\\www\\nammav2appweb-3\\vendor\\laravel\\framework\\src\\Illuminate\\Pipeline\\Pipeline.php:126-132}(passable: 'class Illuminat...')
#43 C:\\wamp64\\www\\nammav2appweb-3\\vendor\\laravel\\framework\\src\\Illuminate\\Foundation\\Http\\Middleware\\ConvertEmptyStringsToNull.php(31): Illuminate\\Foundation\\Http\\Middleware\\ConvertEmptyStringsToNull->handle(request: 'class Illuminat...', next: 'class Closure {...')
#44 C:\\wamp64\\www\\nammav2appweb-3\\vendor\\laravel\\framework\\src\\Illuminate\\Pipeline\\Pipeline.php(167): Illuminate\\Foundation\\Http\\Middleware\\ConvertEmptyStringsToNull->handle(request: 'class Illuminat...', next: 'class Closure {...')
#45 C:\\wamp64\\www\\nammav2appweb-3\\vendor\\laravel\\framework\\src\\Illuminate\\Foundation\\Http\\Middleware\\TransformsRequest.php(21): Illuminate\\Routing\\Pipeline->Illuminate\\Pipeline\\{closure:C:\\wamp64\\www\\nammav2appweb-3\\vendor\\laravel\\framework\\src\\Illuminate\\Pipeline\\Pipeline.php:143-174}(passable: 'class Illuminat...')
#46 C:\\wamp64\\www\\nammav2appweb-3\\vendor\\laravel\\framework\\src\\Illuminate\\Foundation\\Http\\Middleware\\TrimStrings.php(40): App\\Http\\Middleware\\TrimStrings->handle(request: 'class Illuminat...', next: 'class Closure {...')
#47 C:\\wamp64\\www\\nammav2appweb-3\\vendor\\laravel\\framework\\src\\Illuminate\\Pipeline\\Pipeline.php(167): App\\Http\\Middleware\\TrimStrings->handle(request: 'class Illuminat...', next: 'class Closure {...')
#48 C:\\wamp64\\www\\nammav2appweb-3\\vendor\\laravel\\framework\\src\\Illuminate\\Foundation\\Http\\Middleware\\ValidatePostSize.php(27): Illuminate\\Routing\\Pipeline->Illuminate\\Pipeline\\{closure:C:\\wamp64\\www\\nammav2appweb-3\\vendor\\laravel\\framework\\src\\Illuminate\\Pipeline\\Pipeline.php:143-174}(passable: 'class Illuminat...')
#49 C:\\wamp64\\www\\nammav2appweb-3\\vendor\\laravel\\framework\\src\\Illuminate\\Pipeline\\Pipeline.php(167): Illuminate\\Foundation\\Http\\Middleware\\ValidatePostSize->handle(request: 'class Illuminat...', next: 'class Closure {...')
#50 C:\\wamp64\\www\\nammav2appweb-3\\vendor\\laravel\\framework\\src\\Illuminate\\Foundation\\Http\\Middleware\\PreventRequestsDuringMaintenance.php(86): Illuminate\\Routing\\Pipeline->Illuminate\\Pipeline\\{closure:C:\\wamp64\\www\\nammav2appweb-3\\vendor\\laravel\\framework\\src\\Illuminate\\Pipeline\\Pipeline.php:143-174}(passable: 'class Illuminat...')
#51 C:\\wamp64\\www\\nammav2appweb-3\\vendor\\laravel\\framework\\src\\Illuminate\\Pipeline\\Pipeline.php(167): App\\Http\\Middleware\\PreventRequestsDuringMaintenance->handle(request: 'class Illuminat...', next: 'class Closure {...')
#52 C:\\wamp64\\www\\nammav2appweb-3\\vendor\\fruitcake\\laravel-cors\\src\\HandleCors.php(38): Illuminate\\Routing\\Pipeline->Illuminate\\Pipeline\\{closure:C:\\wamp64\\www\\nammav2appweb-3\\vendor\\laravel\\framework\\src\\Illuminate\\Pipeline\\Pipeline.php:143-174}(passable: 'class Illuminat...')
#53 C:\\wamp64\\www\\nammav2appweb-3\\vendor\\laravel\\framework\\src\\Illuminate\\Pipeline\\Pipeline.php(167): Fruitcake\\Cors\\HandleCors->handle(request: 'class Illuminat...', next: 'class Closure {...')
#54 C:\\wamp64\\www\\nammav2appweb-3\\vendor\\fideloper\\proxy\\src\\TrustProxies.php(57): Illuminate\\Routing\\Pipeline->Illuminate\\Pipeline\\{closure:C:\\wamp64\\www\\nammav2appweb-3\\vendor\\laravel\\framework\\src\\Illuminate\\Pipeline\\Pipeline.php:143-174}(passable: 'class Illuminat...')
#55 C:\\wamp64\\www\\nammav2appweb-3\\vendor\\laravel\\framework\\src\\Illuminate\\Pipeline\\Pipeline.php(167): App\\Http\\Middleware\\TrustProxies->handle(request: 'class Illuminat...', next: 'class Closure {...')
#56 C:\\wamp64\\www\\nammav2appweb-3\\vendor\\laravel\\framework\\src\\Illuminate\\Pipeline\\Pipeline.php(103): Illuminate\\Routing\\Pipeline->Illuminate\\Pipeline\\{closure:C:\\wamp64\\www\\nammav2appweb-3\\vendor\\laravel\\framework\\src\\Illuminate\\Pipeline\\Pipeline.php:143-174}(passable: 'class Illuminat...')
#57 C:\\wamp64\\www\\nammav2appweb-3\\vendor\\laravel\\framework\\src\\Illuminate\\Foundation\\Http\\Kernel.php(142): Illuminate\\Routing\\Pipeline->then(destination: 'class Closure {...')
#58 C:\\wamp64\\www\\nammav2appweb-3\\vendor\\laravel\\framework\\src\\Illuminate\\Foundation\\Http\\Kernel.php(111): App\\Http\\Kernel->sendRequestThroughRouter(request: 'class Illuminat...')
#59 C:\\wamp64\\www\\nammav2appweb-3\\public\\index.php(52): App\\Http\\Kernel->handle(request: 'class Illuminat...')
#60 C:\\wamp64\\www\\nammav2appweb-3\\server.php(21): ()
#61 C:\\wamp64\\www\\nammav2appweb-3\\server.php(0): {main}()
#62 {main}
"} 
