[2023-07-26 14:48:39] local.ERROR: Attribute [resoure] does not exist. {"exception":"[object] (InvalidArgumentException(code: 0): Attribute [resoure] does not exist. at C:\\wamp64\\www\\nammav2appweb-3\\vendor\\laravel\\framework\\src\\Illuminate\\Routing\\RouteRegistrar.php:107)
[stacktrace]
#0 C:\\wamp64\\www\\nammav2appweb-3\\vendor\\laravel\\framework\\src\\Illuminate\\Routing\\Router.php(1355): Illuminate\\Routing\\RouteRegistrar->attribute('resoure', 'sms-send')
#1 C:\\wamp64\\www\\nammav2appweb-3\\vendor\\laravel\\framework\\src\\Illuminate\\Support\\Facades\\Facade.php(261): Illuminate\\Routing\\Router->__call('resoure', Array)
#2 C:\\wamp64\\www\\nammav2appweb-3\\routes\\web.php(264): Illuminate\\Support\\Facades\\Facade::__callStatic('resoure', Array)
#3 C:\\wamp64\\www\\nammav2appweb-3\\vendor\\laravel\\framework\\src\\Illuminate\\Routing\\Router.php(423): Illuminate\\Routing\\RouteFileRegistrar->{closure}(Object(Illuminate\\Routing\\Router))
#4 C:\\wamp64\\www\\nammav2appweb-3\\vendor\\laravel\\framework\\src\\Illuminate\\Routing\\Router.php(382): Illuminate\\Routing\\Router->loadRoutes(Object(Closure))
#5 C:\\wamp64\\www\\nammav2appweb-3\\vendor\\laravel\\framework\\src\\Illuminate\\Support\\Facades\\Facade.php(261): Illuminate\\Routing\\Router->group(Array, Object(Closure))
#6 C:\\wamp64\\www\\nammav2appweb-3\\routes\\web.php(266): Illuminate\\Support\\Facades\\Facade::__callStatic('group', Array)
#7 C:\\wamp64\\www\\nammav2appweb-3\\vendor\\laravel\\framework\\src\\Illuminate\\Routing\\RouteFileRegistrar.php(35): require('C:\\\\wamp64\\\\www\\\\n...')
#8 C:\\wamp64\\www\\nammav2appweb-3\\vendor\\laravel\\framework\\src\\Illuminate\\Routing\\Router.php(425): Illuminate\\Routing\\RouteFileRegistrar->register('C:\\\\wamp64\\\\www\\\\n...')
#9 C:\\wamp64\\www\\nammav2appweb-3\\vendor\\laravel\\framework\\src\\Illuminate\\Routing\\Router.php(382): Illuminate\\Routing\\Router->loadRoutes('C:\\\\wamp64\\\\www\\\\n...')
#10 C:\\wamp64\\www\\nammav2appweb-3\\vendor\\laravel\\framework\\src\\Illuminate\\Routing\\RouteRegistrar.php(163): Illuminate\\Routing\\Router->group(Array, 'C:\\\\wamp64\\\\www\\\\n...')
#11 C:\\wamp64\\www\\nammav2appweb-3\\app\\Providers\\RouteServiceProvider.php(49): Illuminate\\Routing\\RouteRegistrar->group('C:\\\\wamp64\\\\www\\\\n...')
#12 C:\\wamp64\\www\\nammav2appweb-3\\vendor\\laravel\\framework\\src\\Illuminate\\Container\\BoundMethod.php(36): App\\Providers\\RouteServiceProvider->App\\Providers\\{closure}()
#13 C:\\wamp64\\www\\nammav2appweb-3\\vendor\\laravel\\framework\\src\\Illuminate\\Container\\Util.php(40): Illuminate\\Container\\BoundMethod::Illuminate\\Container\\{closure}()
#14 C:\\wamp64\\www\\nammav2appweb-3\\vendor\\laravel\\framework\\src\\Illuminate\\Container\\BoundMethod.php(81): Illuminate\\Container\\Util::unwrapIfClosure(Object(Closure))
#15 C:\\wamp64\\www\\nammav2appweb-3\\vendor\\laravel\\framework\\src\\Illuminate\\Container\\BoundMethod.php(37): Illuminate\\Container\\BoundMethod::callBoundMethod(Object(Illuminate\\Foundation\\Application), Object(Closure), Object(Closure))
#16 C:\\wamp64\\www\\nammav2appweb-3\\vendor\\laravel\\framework\\src\\Illuminate\\Container\\Container.php(653): Illuminate\\Container\\BoundMethod::call(Object(Illuminate\\Foundation\\Application), Object(Closure), Array, NULL)
#17 C:\\wamp64\\www\\nammav2appweb-3\\vendor\\laravel\\framework\\src\\Illuminate\\Foundation\\Support\\Providers\\RouteServiceProvider.php(120): Illuminate\\Container\\Container->call(Object(Closure))
#18 C:\\wamp64\\www\\nammav2appweb-3\\vendor\\laravel\\framework\\src\\Illuminate\\Foundation\\Support\\Providers\\RouteServiceProvider.php(45): Illuminate\\Foundation\\Support\\Providers\\RouteServiceProvider->loadRoutes()
#19 C:\\wamp64\\www\\nammav2appweb-3\\vendor\\laravel\\framework\\src\\Illuminate\\Container\\BoundMethod.php(36): Illuminate\\Foundation\\Support\\Providers\\RouteServiceProvider->Illuminate\\Foundation\\Support\\Providers\\{closure}()
#20 C:\\wamp64\\www\\nammav2appweb-3\\vendor\\laravel\\framework\\src\\Illuminate\\Container\\Util.php(40): Illuminate\\Container\\BoundMethod::Illuminate\\Container\\{closure}()
#21 C:\\wamp64\\www\\nammav2appweb-3\\vendor\\laravel\\framework\\src\\Illuminate\\Container\\BoundMethod.php(81): Illuminate\\Container\\Util::unwrapIfClosure(Object(Closure))
#22 C:\\wamp64\\www\\nammav2appweb-3\\vendor\\laravel\\framework\\src\\Illuminate\\Container\\BoundMethod.php(37): Illuminate\\Container\\BoundMethod::callBoundMethod(Object(Illuminate\\Foundation\\Application), Object(Closure), Object(Closure))
#23 C:\\wamp64\\www\\nammav2appweb-3\\vendor\\laravel\\framework\\src\\Illuminate\\Container\\Container.php(653): Illuminate\\Container\\BoundMethod::call(Object(Illuminate\\Foundation\\Application), Object(Closure), Array, NULL)
#24 C:\\wamp64\\www\\nammav2appweb-3\\vendor\\laravel\\framework\\src\\Illuminate\\Support\\ServiceProvider.php(119): Illuminate\\Container\\Container->call(Object(Closure))
#25 C:\\wamp64\\www\\nammav2appweb-3\\vendor\\laravel\\framework\\src\\Illuminate\\Foundation\\Application.php(927): Illuminate\\Support\\ServiceProvider->callBootedCallbacks()
#26 C:\\wamp64\\www\\nammav2appweb-3\\vendor\\laravel\\framework\\src\\Illuminate\\Foundation\\Application.php(905): Illuminate\\Foundation\\Application->bootProvider(Object(App\\Providers\\RouteServiceProvider))
#27 [internal function]: Illuminate\\Foundation\\Application->Illuminate\\Foundation\\{closure}(Object(App\\Providers\\RouteServiceProvider), 41)
#28 C:\\wamp64\\www\\nammav2appweb-3\\vendor\\laravel\\framework\\src\\Illuminate\\Foundation\\Application.php(906): array_walk(Array, Object(Closure))
#29 C:\\wamp64\\www\\nammav2appweb-3\\vendor\\laravel\\framework\\src\\Illuminate\\Foundation\\Bootstrap\\BootProviders.php(17): Illuminate\\Foundation\\Application->boot()
#30 C:\\wamp64\\www\\nammav2appweb-3\\vendor\\laravel\\framework\\src\\Illuminate\\Foundation\\Application.php(237): Illuminate\\Foundation\\Bootstrap\\BootProviders->bootstrap(Object(Illuminate\\Foundation\\Application))
#31 C:\\wamp64\\www\\nammav2appweb-3\\vendor\\laravel\\framework\\src\\Illuminate\\Foundation\\Http\\Kernel.php(153): Illuminate\\Foundation\\Application->bootstrapWith(Array)
#32 C:\\wamp64\\www\\nammav2appweb-3\\vendor\\laravel\\framework\\src\\Illuminate\\Foundation\\Http\\Kernel.php(137): Illuminate\\Foundation\\Http\\Kernel->bootstrap()
#33 C:\\wamp64\\www\\nammav2appweb-3\\vendor\\laravel\\framework\\src\\Illuminate\\Foundation\\Http\\Kernel.php(111): Illuminate\\Foundation\\Http\\Kernel->sendRequestThroughRouter(Object(Illuminate\\Http\\Request))
#34 C:\\wamp64\\www\\nammav2appweb-3\\public\\index.php(52): Illuminate\\Foundation\\Http\\Kernel->handle(Object(Illuminate\\Http\\Request))
#35 C:\\wamp64\\www\\nammav2appweb-3\\server.php(21): require_once('C:\\\\wamp64\\\\www\\\\n...')
#36 {main}
"} 
[2023-07-26 14:48:57] local.ERROR: Attribute [resoure] does not exist. {"exception":"[object] (InvalidArgumentException(code: 0): Attribute [resoure] does not exist. at C:\\wamp64\\www\\nammav2appweb-3\\vendor\\laravel\\framework\\src\\Illuminate\\Routing\\RouteRegistrar.php:107)
[stacktrace]
#0 C:\\wamp64\\www\\nammav2appweb-3\\vendor\\laravel\\framework\\src\\Illuminate\\Routing\\Router.php(1355): Illuminate\\Routing\\RouteRegistrar->attribute('resoure', 'sms-send')
#1 C:\\wamp64\\www\\nammav2appweb-3\\vendor\\laravel\\framework\\src\\Illuminate\\Support\\Facades\\Facade.php(261): Illuminate\\Routing\\Router->__call('resoure', Array)
#2 C:\\wamp64\\www\\nammav2appweb-3\\routes\\web.php(264): Illuminate\\Support\\Facades\\Facade::__callStatic('resoure', Array)
#3 C:\\wamp64\\www\\nammav2appweb-3\\vendor\\laravel\\framework\\src\\Illuminate\\Routing\\Router.php(423): Illuminate\\Routing\\RouteFileRegistrar->{closure}(Object(Illuminate\\Routing\\Router))
#4 C:\\wamp64\\www\\nammav2appweb-3\\vendor\\laravel\\framework\\src\\Illuminate\\Routing\\Router.php(382): Illuminate\\Routing\\Router->loadRoutes(Object(Closure))
#5 C:\\wamp64\\www\\nammav2appweb-3\\vendor\\laravel\\framework\\src\\Illuminate\\Support\\Facades\\Facade.php(261): Illuminate\\Routing\\Router->group(Array, Object(Closure))
#6 C:\\wamp64\\www\\nammav2appweb-3\\routes\\web.php(266): Illuminate\\Support\\Facades\\Facade::__callStatic('group', Array)
#7 C:\\wamp64\\www\\nammav2appweb-3\\vendor\\laravel\\framework\\src\\Illuminate\\Routing\\RouteFileRegistrar.php(35): require('C:\\\\wamp64\\\\www\\\\n...')
#8 C:\\wamp64\\www\\nammav2appweb-3\\vendor\\laravel\\framework\\src\\Illuminate\\Routing\\Router.php(425): Illuminate\\Routing\\RouteFileRegistrar->register('C:\\\\wamp64\\\\www\\\\n...')
#9 C:\\wamp64\\www\\nammav2appweb-3\\vendor\\laravel\\framework\\src\\Illuminate\\Routing\\Router.php(382): Illuminate\\Routing\\Router->loadRoutes('C:\\\\wamp64\\\\www\\\\n...')
#10 C:\\wamp64\\www\\nammav2appweb-3\\vendor\\laravel\\framework\\src\\Illuminate\\Routing\\RouteRegistrar.php(163): Illuminate\\Routing\\Router->group(Array, 'C:\\\\wamp64\\\\www\\\\n...')
#11 C:\\wamp64\\www\\nammav2appweb-3\\app\\Providers\\RouteServiceProvider.php(49): Illuminate\\Routing\\RouteRegistrar->group('C:\\\\wamp64\\\\www\\\\n...')
#12 C:\\wamp64\\www\\nammav2appweb-3\\vendor\\laravel\\framework\\src\\Illuminate\\Container\\BoundMethod.php(36): App\\Providers\\RouteServiceProvider->App\\Providers\\{closure}()
#13 C:\\wamp64\\www\\nammav2appweb-3\\vendor\\laravel\\framework\\src\\Illuminate\\Container\\Util.php(40): Illuminate\\Container\\BoundMethod::Illuminate\\Container\\{closure}()
#14 C:\\wamp64\\www\\nammav2appweb-3\\vendor\\laravel\\framework\\src\\Illuminate\\Container\\BoundMethod.php(81): Illuminate\\Container\\Util::unwrapIfClosure(Object(Closure))
#15 C:\\wamp64\\www\\nammav2appweb-3\\vendor\\laravel\\framework\\src\\Illuminate\\Container\\BoundMethod.php(37): Illuminate\\Container\\BoundMethod::callBoundMethod(Object(Illuminate\\Foundation\\Application), Object(Closure), Object(Closure))
#16 C:\\wamp64\\www\\nammav2appweb-3\\vendor\\laravel\\framework\\src\\Illuminate\\Container\\Container.php(653): Illuminate\\Container\\BoundMethod::call(Object(Illuminate\\Foundation\\Application), Object(Closure), Array, NULL)
#17 C:\\wamp64\\www\\nammav2appweb-3\\vendor\\laravel\\framework\\src\\Illuminate\\Foundation\\Support\\Providers\\RouteServiceProvider.php(120): Illuminate\\Container\\Container->call(Object(Closure))
#18 C:\\wamp64\\www\\nammav2appweb-3\\vendor\\laravel\\framework\\src\\Illuminate\\Foundation\\Support\\Providers\\RouteServiceProvider.php(45): Illuminate\\Foundation\\Support\\Providers\\RouteServiceProvider->loadRoutes()
#19 C:\\wamp64\\www\\nammav2appweb-3\\vendor\\laravel\\framework\\src\\Illuminate\\Container\\BoundMethod.php(36): Illuminate\\Foundation\\Support\\Providers\\RouteServiceProvider->Illuminate\\Foundation\\Support\\Providers\\{closure}()
#20 C:\\wamp64\\www\\nammav2appweb-3\\vendor\\laravel\\framework\\src\\Illuminate\\Container\\Util.php(40): Illuminate\\Container\\BoundMethod::Illuminate\\Container\\{closure}()
#21 C:\\wamp64\\www\\nammav2appweb-3\\vendor\\laravel\\framework\\src\\Illuminate\\Container\\BoundMethod.php(81): Illuminate\\Container\\Util::unwrapIfClosure(Object(Closure))
#22 C:\\wamp64\\www\\nammav2appweb-3\\vendor\\laravel\\framework\\src\\Illuminate\\Container\\BoundMethod.php(37): Illuminate\\Container\\BoundMethod::callBoundMethod(Object(Illuminate\\Foundation\\Application), Object(Closure), Object(Closure))
#23 C:\\wamp64\\www\\nammav2appweb-3\\vendor\\laravel\\framework\\src\\Illuminate\\Container\\Container.php(653): Illuminate\\Container\\BoundMethod::call(Object(Illuminate\\Foundation\\Application), Object(Closure), Array, NULL)
#24 C:\\wamp64\\www\\nammav2appweb-3\\vendor\\laravel\\framework\\src\\Illuminate\\Support\\ServiceProvider.php(119): Illuminate\\Container\\Container->call(Object(Closure))
#25 C:\\wamp64\\www\\nammav2appweb-3\\vendor\\laravel\\framework\\src\\Illuminate\\Foundation\\Application.php(927): Illuminate\\Support\\ServiceProvider->callBootedCallbacks()
#26 C:\\wamp64\\www\\nammav2appweb-3\\vendor\\laravel\\framework\\src\\Illuminate\\Foundation\\Application.php(905): Illuminate\\Foundation\\Application->bootProvider(Object(App\\Providers\\RouteServiceProvider))
#27 [internal function]: Illuminate\\Foundation\\Application->Illuminate\\Foundation\\{closure}(Object(App\\Providers\\RouteServiceProvider), 41)
#28 C:\\wamp64\\www\\nammav2appweb-3\\vendor\\laravel\\framework\\src\\Illuminate\\Foundation\\Application.php(906): array_walk(Array, Object(Closure))
#29 C:\\wamp64\\www\\nammav2appweb-3\\vendor\\laravel\\framework\\src\\Illuminate\\Foundation\\Bootstrap\\BootProviders.php(17): Illuminate\\Foundation\\Application->boot()
#30 C:\\wamp64\\www\\nammav2appweb-3\\vendor\\laravel\\framework\\src\\Illuminate\\Foundation\\Application.php(237): Illuminate\\Foundation\\Bootstrap\\BootProviders->bootstrap(Object(Illuminate\\Foundation\\Application))
#31 C:\\wamp64\\www\\nammav2appweb-3\\vendor\\laravel\\framework\\src\\Illuminate\\Foundation\\Http\\Kernel.php(153): Illuminate\\Foundation\\Application->bootstrapWith(Array)
#32 C:\\wamp64\\www\\nammav2appweb-3\\vendor\\laravel\\framework\\src\\Illuminate\\Foundation\\Http\\Kernel.php(137): Illuminate\\Foundation\\Http\\Kernel->bootstrap()
#33 C:\\wamp64\\www\\nammav2appweb-3\\vendor\\laravel\\framework\\src\\Illuminate\\Foundation\\Http\\Kernel.php(111): Illuminate\\Foundation\\Http\\Kernel->sendRequestThroughRouter(Object(Illuminate\\Http\\Request))
#34 C:\\wamp64\\www\\nammav2appweb-3\\public\\index.php(52): Illuminate\\Foundation\\Http\\Kernel->handle(Object(Illuminate\\Http\\Request))
#35 C:\\wamp64\\www\\nammav2appweb-3\\server.php(21): require_once('C:\\\\wamp64\\\\www\\\\n...')
#36 {main}
"} 
[2023-07-26 14:49:00] local.ERROR: Attribute [resoure] does not exist. {"exception":"[object] (InvalidArgumentException(code: 0): Attribute [resoure] does not exist. at C:\\wamp64\\www\\nammav2appweb-3\\vendor\\laravel\\framework\\src\\Illuminate\\Routing\\RouteRegistrar.php:107)
[stacktrace]
#0 C:\\wamp64\\www\\nammav2appweb-3\\vendor\\laravel\\framework\\src\\Illuminate\\Routing\\Router.php(1355): Illuminate\\Routing\\RouteRegistrar->attribute('resoure', 'sms-send')
#1 C:\\wamp64\\www\\nammav2appweb-3\\vendor\\laravel\\framework\\src\\Illuminate\\Support\\Facades\\Facade.php(261): Illuminate\\Routing\\Router->__call('resoure', Array)
#2 C:\\wamp64\\www\\nammav2appweb-3\\routes\\web.php(264): Illuminate\\Support\\Facades\\Facade::__callStatic('resoure', Array)
#3 C:\\wamp64\\www\\nammav2appweb-3\\vendor\\laravel\\framework\\src\\Illuminate\\Routing\\Router.php(423): Illuminate\\Routing\\RouteFileRegistrar->{closure}(Object(Illuminate\\Routing\\Router))
#4 C:\\wamp64\\www\\nammav2appweb-3\\vendor\\laravel\\framework\\src\\Illuminate\\Routing\\Router.php(382): Illuminate\\Routing\\Router->loadRoutes(Object(Closure))
#5 C:\\wamp64\\www\\nammav2appweb-3\\vendor\\laravel\\framework\\src\\Illuminate\\Support\\Facades\\Facade.php(261): Illuminate\\Routing\\Router->group(Array, Object(Closure))
#6 C:\\wamp64\\www\\nammav2appweb-3\\routes\\web.php(266): Illuminate\\Support\\Facades\\Facade::__callStatic('group', Array)
#7 C:\\wamp64\\www\\nammav2appweb-3\\vendor\\laravel\\framework\\src\\Illuminate\\Routing\\RouteFileRegistrar.php(35): require('C:\\\\wamp64\\\\www\\\\n...')
#8 C:\\wamp64\\www\\nammav2appweb-3\\vendor\\laravel\\framework\\src\\Illuminate\\Routing\\Router.php(425): Illuminate\\Routing\\RouteFileRegistrar->register('C:\\\\wamp64\\\\www\\\\n...')
#9 C:\\wamp64\\www\\nammav2appweb-3\\vendor\\laravel\\framework\\src\\Illuminate\\Routing\\Router.php(382): Illuminate\\Routing\\Router->loadRoutes('C:\\\\wamp64\\\\www\\\\n...')
#10 C:\\wamp64\\www\\nammav2appweb-3\\vendor\\laravel\\framework\\src\\Illuminate\\Routing\\RouteRegistrar.php(163): Illuminate\\Routing\\Router->group(Array, 'C:\\\\wamp64\\\\www\\\\n...')
#11 C:\\wamp64\\www\\nammav2appweb-3\\app\\Providers\\RouteServiceProvider.php(49): Illuminate\\Routing\\RouteRegistrar->group('C:\\\\wamp64\\\\www\\\\n...')
#12 C:\\wamp64\\www\\nammav2appweb-3\\vendor\\laravel\\framework\\src\\Illuminate\\Container\\BoundMethod.php(36): App\\Providers\\RouteServiceProvider->App\\Providers\\{closure}()
#13 C:\\wamp64\\www\\nammav2appweb-3\\vendor\\laravel\\framework\\src\\Illuminate\\Container\\Util.php(40): Illuminate\\Container\\BoundMethod::Illuminate\\Container\\{closure}()
#14 C:\\wamp64\\www\\nammav2appweb-3\\vendor\\laravel\\framework\\src\\Illuminate\\Container\\BoundMethod.php(81): Illuminate\\Container\\Util::unwrapIfClosure(Object(Closure))
#15 C:\\wamp64\\www\\nammav2appweb-3\\vendor\\laravel\\framework\\src\\Illuminate\\Container\\BoundMethod.php(37): Illuminate\\Container\\BoundMethod::callBoundMethod(Object(Illuminate\\Foundation\\Application), Object(Closure), Object(Closure))
#16 C:\\wamp64\\www\\nammav2appweb-3\\vendor\\laravel\\framework\\src\\Illuminate\\Container\\Container.php(653): Illuminate\\Container\\BoundMethod::call(Object(Illuminate\\Foundation\\Application), Object(Closure), Array, NULL)
#17 C:\\wamp64\\www\\nammav2appweb-3\\vendor\\laravel\\framework\\src\\Illuminate\\Foundation\\Support\\Providers\\RouteServiceProvider.php(120): Illuminate\\Container\\Container->call(Object(Closure))
#18 C:\\wamp64\\www\\nammav2appweb-3\\vendor\\laravel\\framework\\src\\Illuminate\\Foundation\\Support\\Providers\\RouteServiceProvider.php(45): Illuminate\\Foundation\\Support\\Providers\\RouteServiceProvider->loadRoutes()
#19 C:\\wamp64\\www\\nammav2appweb-3\\vendor\\laravel\\framework\\src\\Illuminate\\Container\\BoundMethod.php(36): Illuminate\\Foundation\\Support\\Providers\\RouteServiceProvider->Illuminate\\Foundation\\Support\\Providers\\{closure}()
#20 C:\\wamp64\\www\\nammav2appweb-3\\vendor\\laravel\\framework\\src\\Illuminate\\Container\\Util.php(40): Illuminate\\Container\\BoundMethod::Illuminate\\Container\\{closure}()
#21 C:\\wamp64\\www\\nammav2appweb-3\\vendor\\laravel\\framework\\src\\Illuminate\\Container\\BoundMethod.php(81): Illuminate\\Container\\Util::unwrapIfClosure(Object(Closure))
#22 C:\\wamp64\\www\\nammav2appweb-3\\vendor\\laravel\\framework\\src\\Illuminate\\Container\\BoundMethod.php(37): Illuminate\\Container\\BoundMethod::callBoundMethod(Object(Illuminate\\Foundation\\Application), Object(Closure), Object(Closure))
#23 C:\\wamp64\\www\\nammav2appweb-3\\vendor\\laravel\\framework\\src\\Illuminate\\Container\\Container.php(653): Illuminate\\Container\\BoundMethod::call(Object(Illuminate\\Foundation\\Application), Object(Closure), Array, NULL)
#24 C:\\wamp64\\www\\nammav2appweb-3\\vendor\\laravel\\framework\\src\\Illuminate\\Support\\ServiceProvider.php(119): Illuminate\\Container\\Container->call(Object(Closure))
#25 C:\\wamp64\\www\\nammav2appweb-3\\vendor\\laravel\\framework\\src\\Illuminate\\Foundation\\Application.php(927): Illuminate\\Support\\ServiceProvider->callBootedCallbacks()
#26 C:\\wamp64\\www\\nammav2appweb-3\\vendor\\laravel\\framework\\src\\Illuminate\\Foundation\\Application.php(905): Illuminate\\Foundation\\Application->bootProvider(Object(App\\Providers\\RouteServiceProvider))
#27 [internal function]: Illuminate\\Foundation\\Application->Illuminate\\Foundation\\{closure}(Object(App\\Providers\\RouteServiceProvider), 41)
#28 C:\\wamp64\\www\\nammav2appweb-3\\vendor\\laravel\\framework\\src\\Illuminate\\Foundation\\Application.php(906): array_walk(Array, Object(Closure))
#29 C:\\wamp64\\www\\nammav2appweb-3\\vendor\\laravel\\framework\\src\\Illuminate\\Foundation\\Bootstrap\\BootProviders.php(17): Illuminate\\Foundation\\Application->boot()
#30 C:\\wamp64\\www\\nammav2appweb-3\\vendor\\laravel\\framework\\src\\Illuminate\\Foundation\\Application.php(237): Illuminate\\Foundation\\Bootstrap\\BootProviders->bootstrap(Object(Illuminate\\Foundation\\Application))
#31 C:\\wamp64\\www\\nammav2appweb-3\\vendor\\laravel\\framework\\src\\Illuminate\\Foundation\\Http\\Kernel.php(153): Illuminate\\Foundation\\Application->bootstrapWith(Array)
#32 C:\\wamp64\\www\\nammav2appweb-3\\vendor\\laravel\\framework\\src\\Illuminate\\Foundation\\Http\\Kernel.php(137): Illuminate\\Foundation\\Http\\Kernel->bootstrap()
#33 C:\\wamp64\\www\\nammav2appweb-3\\vendor\\laravel\\framework\\src\\Illuminate\\Foundation\\Http\\Kernel.php(111): Illuminate\\Foundation\\Http\\Kernel->sendRequestThroughRouter(Object(Illuminate\\Http\\Request))
#34 C:\\wamp64\\www\\nammav2appweb-3\\public\\index.php(52): Illuminate\\Foundation\\Http\\Kernel->handle(Object(Illuminate\\Http\\Request))
#35 C:\\wamp64\\www\\nammav2appweb-3\\server.php(21): require_once('C:\\\\wamp64\\\\www\\\\n...')
#36 {main}
"} 
[2023-07-26 14:49:06] local.ERROR: Attribute [resoure] does not exist. {"exception":"[object] (InvalidArgumentException(code: 0): Attribute [resoure] does not exist. at C:\\wamp64\\www\\nammav2appweb-3\\vendor\\laravel\\framework\\src\\Illuminate\\Routing\\RouteRegistrar.php:107)
[stacktrace]
#0 C:\\wamp64\\www\\nammav2appweb-3\\vendor\\laravel\\framework\\src\\Illuminate\\Routing\\Router.php(1355): Illuminate\\Routing\\RouteRegistrar->attribute('resoure', 'sms-send')
#1 C:\\wamp64\\www\\nammav2appweb-3\\vendor\\laravel\\framework\\src\\Illuminate\\Support\\Facades\\Facade.php(261): Illuminate\\Routing\\Router->__call('resoure', Array)
#2 C:\\wamp64\\www\\nammav2appweb-3\\routes\\web.php(264): Illuminate\\Support\\Facades\\Facade::__callStatic('resoure', Array)
#3 C:\\wamp64\\www\\nammav2appweb-3\\vendor\\laravel\\framework\\src\\Illuminate\\Routing\\Router.php(423): Illuminate\\Routing\\RouteFileRegistrar->{closure}(Object(Illuminate\\Routing\\Router))
#4 C:\\wamp64\\www\\nammav2appweb-3\\vendor\\laravel\\framework\\src\\Illuminate\\Routing\\Router.php(382): Illuminate\\Routing\\Router->loadRoutes(Object(Closure))
#5 C:\\wamp64\\www\\nammav2appweb-3\\vendor\\laravel\\framework\\src\\Illuminate\\Support\\Facades\\Facade.php(261): Illuminate\\Routing\\Router->group(Array, Object(Closure))
#6 C:\\wamp64\\www\\nammav2appweb-3\\routes\\web.php(266): Illuminate\\Support\\Facades\\Facade::__callStatic('group', Array)
#7 C:\\wamp64\\www\\nammav2appweb-3\\vendor\\laravel\\framework\\src\\Illuminate\\Routing\\RouteFileRegistrar.php(35): require('C:\\\\wamp64\\\\www\\\\n...')
#8 C:\\wamp64\\www\\nammav2appweb-3\\vendor\\laravel\\framework\\src\\Illuminate\\Routing\\Router.php(425): Illuminate\\Routing\\RouteFileRegistrar->register('C:\\\\wamp64\\\\www\\\\n...')
#9 C:\\wamp64\\www\\nammav2appweb-3\\vendor\\laravel\\framework\\src\\Illuminate\\Routing\\Router.php(382): Illuminate\\Routing\\Router->loadRoutes('C:\\\\wamp64\\\\www\\\\n...')
#10 C:\\wamp64\\www\\nammav2appweb-3\\vendor\\laravel\\framework\\src\\Illuminate\\Routing\\RouteRegistrar.php(163): Illuminate\\Routing\\Router->group(Array, 'C:\\\\wamp64\\\\www\\\\n...')
#11 C:\\wamp64\\www\\nammav2appweb-3\\app\\Providers\\RouteServiceProvider.php(49): Illuminate\\Routing\\RouteRegistrar->group('C:\\\\wamp64\\\\www\\\\n...')
#12 C:\\wamp64\\www\\nammav2appweb-3\\vendor\\laravel\\framework\\src\\Illuminate\\Container\\BoundMethod.php(36): App\\Providers\\RouteServiceProvider->App\\Providers\\{closure}()
#13 C:\\wamp64\\www\\nammav2appweb-3\\vendor\\laravel\\framework\\src\\Illuminate\\Container\\Util.php(40): Illuminate\\Container\\BoundMethod::Illuminate\\Container\\{closure}()
#14 C:\\wamp64\\www\\nammav2appweb-3\\vendor\\laravel\\framework\\src\\Illuminate\\Container\\BoundMethod.php(81): Illuminate\\Container\\Util::unwrapIfClosure(Object(Closure))
#15 C:\\wamp64\\www\\nammav2appweb-3\\vendor\\laravel\\framework\\src\\Illuminate\\Container\\BoundMethod.php(37): Illuminate\\Container\\BoundMethod::callBoundMethod(Object(Illuminate\\Foundation\\Application), Object(Closure), Object(Closure))
#16 C:\\wamp64\\www\\nammav2appweb-3\\vendor\\laravel\\framework\\src\\Illuminate\\Container\\Container.php(653): Illuminate\\Container\\BoundMethod::call(Object(Illuminate\\Foundation\\Application), Object(Closure), Array, NULL)
#17 C:\\wamp64\\www\\nammav2appweb-3\\vendor\\laravel\\framework\\src\\Illuminate\\Foundation\\Support\\Providers\\RouteServiceProvider.php(120): Illuminate\\Container\\Container->call(Object(Closure))
#18 C:\\wamp64\\www\\nammav2appweb-3\\vendor\\laravel\\framework\\src\\Illuminate\\Foundation\\Support\\Providers\\RouteServiceProvider.php(45): Illuminate\\Foundation\\Support\\Providers\\RouteServiceProvider->loadRoutes()
#19 C:\\wamp64\\www\\nammav2appweb-3\\vendor\\laravel\\framework\\src\\Illuminate\\Container\\BoundMethod.php(36): Illuminate\\Foundation\\Support\\Providers\\RouteServiceProvider->Illuminate\\Foundation\\Support\\Providers\\{closure}()
#20 C:\\wamp64\\www\\nammav2appweb-3\\vendor\\laravel\\framework\\src\\Illuminate\\Container\\Util.php(40): Illuminate\\Container\\BoundMethod::Illuminate\\Container\\{closure}()
#21 C:\\wamp64\\www\\nammav2appweb-3\\vendor\\laravel\\framework\\src\\Illuminate\\Container\\BoundMethod.php(81): Illuminate\\Container\\Util::unwrapIfClosure(Object(Closure))
#22 C:\\wamp64\\www\\nammav2appweb-3\\vendor\\laravel\\framework\\src\\Illuminate\\Container\\BoundMethod.php(37): Illuminate\\Container\\BoundMethod::callBoundMethod(Object(Illuminate\\Foundation\\Application), Object(Closure), Object(Closure))
#23 C:\\wamp64\\www\\nammav2appweb-3\\vendor\\laravel\\framework\\src\\Illuminate\\Container\\Container.php(653): Illuminate\\Container\\BoundMethod::call(Object(Illuminate\\Foundation\\Application), Object(Closure), Array, NULL)
#24 C:\\wamp64\\www\\nammav2appweb-3\\vendor\\laravel\\framework\\src\\Illuminate\\Support\\ServiceProvider.php(119): Illuminate\\Container\\Container->call(Object(Closure))
#25 C:\\wamp64\\www\\nammav2appweb-3\\vendor\\laravel\\framework\\src\\Illuminate\\Foundation\\Application.php(927): Illuminate\\Support\\ServiceProvider->callBootedCallbacks()
#26 C:\\wamp64\\www\\nammav2appweb-3\\vendor\\laravel\\framework\\src\\Illuminate\\Foundation\\Application.php(905): Illuminate\\Foundation\\Application->bootProvider(Object(App\\Providers\\RouteServiceProvider))
#27 [internal function]: Illuminate\\Foundation\\Application->Illuminate\\Foundation\\{closure}(Object(App\\Providers\\RouteServiceProvider), 41)
#28 C:\\wamp64\\www\\nammav2appweb-3\\vendor\\laravel\\framework\\src\\Illuminate\\Foundation\\Application.php(906): array_walk(Array, Object(Closure))
#29 C:\\wamp64\\www\\nammav2appweb-3\\vendor\\laravel\\framework\\src\\Illuminate\\Foundation\\Bootstrap\\BootProviders.php(17): Illuminate\\Foundation\\Application->boot()
#30 C:\\wamp64\\www\\nammav2appweb-3\\vendor\\laravel\\framework\\src\\Illuminate\\Foundation\\Application.php(237): Illuminate\\Foundation\\Bootstrap\\BootProviders->bootstrap(Object(Illuminate\\Foundation\\Application))
#31 C:\\wamp64\\www\\nammav2appweb-3\\vendor\\laravel\\framework\\src\\Illuminate\\Foundation\\Http\\Kernel.php(153): Illuminate\\Foundation\\Application->bootstrapWith(Array)
#32 C:\\wamp64\\www\\nammav2appweb-3\\vendor\\laravel\\framework\\src\\Illuminate\\Foundation\\Http\\Kernel.php(137): Illuminate\\Foundation\\Http\\Kernel->bootstrap()
#33 C:\\wamp64\\www\\nammav2appweb-3\\vendor\\laravel\\framework\\src\\Illuminate\\Foundation\\Http\\Kernel.php(111): Illuminate\\Foundation\\Http\\Kernel->sendRequestThroughRouter(Object(Illuminate\\Http\\Request))
#34 C:\\wamp64\\www\\nammav2appweb-3\\public\\index.php(52): Illuminate\\Foundation\\Http\\Kernel->handle(Object(Illuminate\\Http\\Request))
#35 C:\\wamp64\\www\\nammav2appweb-3\\server.php(21): require_once('C:\\\\wamp64\\\\www\\\\n...')
#36 {main}
"} 
[2023-07-26 14:49:20] local.ERROR: Attribute [resoure] does not exist. {"exception":"[object] (InvalidArgumentException(code: 0): Attribute [resoure] does not exist. at C:\\wamp64\\www\\nammav2appweb-3\\vendor\\laravel\\framework\\src\\Illuminate\\Routing\\RouteRegistrar.php:107)
[stacktrace]
#0 C:\\wamp64\\www\\nammav2appweb-3\\vendor\\laravel\\framework\\src\\Illuminate\\Routing\\Router.php(1355): Illuminate\\Routing\\RouteRegistrar->attribute('resoure', 'sms-send')
#1 C:\\wamp64\\www\\nammav2appweb-3\\vendor\\laravel\\framework\\src\\Illuminate\\Support\\Facades\\Facade.php(261): Illuminate\\Routing\\Router->__call('resoure', Array)
#2 C:\\wamp64\\www\\nammav2appweb-3\\routes\\web.php(264): Illuminate\\Support\\Facades\\Facade::__callStatic('resoure', Array)
#3 C:\\wamp64\\www\\nammav2appweb-3\\vendor\\laravel\\framework\\src\\Illuminate\\Routing\\Router.php(423): Illuminate\\Routing\\RouteFileRegistrar->{closure}(Object(Illuminate\\Routing\\Router))
#4 C:\\wamp64\\www\\nammav2appweb-3\\vendor\\laravel\\framework\\src\\Illuminate\\Routing\\Router.php(382): Illuminate\\Routing\\Router->loadRoutes(Object(Closure))
#5 C:\\wamp64\\www\\nammav2appweb-3\\vendor\\laravel\\framework\\src\\Illuminate\\Support\\Facades\\Facade.php(261): Illuminate\\Routing\\Router->group(Array, Object(Closure))
#6 C:\\wamp64\\www\\nammav2appweb-3\\routes\\web.php(266): Illuminate\\Support\\Facades\\Facade::__callStatic('group', Array)
#7 C:\\wamp64\\www\\nammav2appweb-3\\vendor\\laravel\\framework\\src\\Illuminate\\Routing\\RouteFileRegistrar.php(35): require('C:\\\\wamp64\\\\www\\\\n...')
#8 C:\\wamp64\\www\\nammav2appweb-3\\vendor\\laravel\\framework\\src\\Illuminate\\Routing\\Router.php(425): Illuminate\\Routing\\RouteFileRegistrar->register('C:\\\\wamp64\\\\www\\\\n...')
#9 C:\\wamp64\\www\\nammav2appweb-3\\vendor\\laravel\\framework\\src\\Illuminate\\Routing\\Router.php(382): Illuminate\\Routing\\Router->loadRoutes('C:\\\\wamp64\\\\www\\\\n...')
#10 C:\\wamp64\\www\\nammav2appweb-3\\vendor\\laravel\\framework\\src\\Illuminate\\Routing\\RouteRegistrar.php(163): Illuminate\\Routing\\Router->group(Array, 'C:\\\\wamp64\\\\www\\\\n...')
#11 C:\\wamp64\\www\\nammav2appweb-3\\app\\Providers\\RouteServiceProvider.php(49): Illuminate\\Routing\\RouteRegistrar->group('C:\\\\wamp64\\\\www\\\\n...')
#12 C:\\wamp64\\www\\nammav2appweb-3\\vendor\\laravel\\framework\\src\\Illuminate\\Container\\BoundMethod.php(36): App\\Providers\\RouteServiceProvider->App\\Providers\\{closure}()
#13 C:\\wamp64\\www\\nammav2appweb-3\\vendor\\laravel\\framework\\src\\Illuminate\\Container\\Util.php(40): Illuminate\\Container\\BoundMethod::Illuminate\\Container\\{closure}()
#14 C:\\wamp64\\www\\nammav2appweb-3\\vendor\\laravel\\framework\\src\\Illuminate\\Container\\BoundMethod.php(81): Illuminate\\Container\\Util::unwrapIfClosure(Object(Closure))
#15 C:\\wamp64\\www\\nammav2appweb-3\\vendor\\laravel\\framework\\src\\Illuminate\\Container\\BoundMethod.php(37): Illuminate\\Container\\BoundMethod::callBoundMethod(Object(Illuminate\\Foundation\\Application), Object(Closure), Object(Closure))
#16 C:\\wamp64\\www\\nammav2appweb-3\\vendor\\laravel\\framework\\src\\Illuminate\\Container\\Container.php(653): Illuminate\\Container\\BoundMethod::call(Object(Illuminate\\Foundation\\Application), Object(Closure), Array, NULL)
#17 C:\\wamp64\\www\\nammav2appweb-3\\vendor\\laravel\\framework\\src\\Illuminate\\Foundation\\Support\\Providers\\RouteServiceProvider.php(120): Illuminate\\Container\\Container->call(Object(Closure))
#18 C:\\wamp64\\www\\nammav2appweb-3\\vendor\\laravel\\framework\\src\\Illuminate\\Foundation\\Support\\Providers\\RouteServiceProvider.php(45): Illuminate\\Foundation\\Support\\Providers\\RouteServiceProvider->loadRoutes()
#19 C:\\wamp64\\www\\nammav2appweb-3\\vendor\\laravel\\framework\\src\\Illuminate\\Container\\BoundMethod.php(36): Illuminate\\Foundation\\Support\\Providers\\RouteServiceProvider->Illuminate\\Foundation\\Support\\Providers\\{closure}()
#20 C:\\wamp64\\www\\nammav2appweb-3\\vendor\\laravel\\framework\\src\\Illuminate\\Container\\Util.php(40): Illuminate\\Container\\BoundMethod::Illuminate\\Container\\{closure}()
#21 C:\\wamp64\\www\\nammav2appweb-3\\vendor\\laravel\\framework\\src\\Illuminate\\Container\\BoundMethod.php(81): Illuminate\\Container\\Util::unwrapIfClosure(Object(Closure))
#22 C:\\wamp64\\www\\nammav2appweb-3\\vendor\\laravel\\framework\\src\\Illuminate\\Container\\BoundMethod.php(37): Illuminate\\Container\\BoundMethod::callBoundMethod(Object(Illuminate\\Foundation\\Application), Object(Closure), Object(Closure))
#23 C:\\wamp64\\www\\nammav2appweb-3\\vendor\\laravel\\framework\\src\\Illuminate\\Container\\Container.php(653): Illuminate\\Container\\BoundMethod::call(Object(Illuminate\\Foundation\\Application), Object(Closure), Array, NULL)
#24 C:\\wamp64\\www\\nammav2appweb-3\\vendor\\laravel\\framework\\src\\Illuminate\\Support\\ServiceProvider.php(119): Illuminate\\Container\\Container->call(Object(Closure))
#25 C:\\wamp64\\www\\nammav2appweb-3\\vendor\\laravel\\framework\\src\\Illuminate\\Foundation\\Application.php(927): Illuminate\\Support\\ServiceProvider->callBootedCallbacks()
#26 C:\\wamp64\\www\\nammav2appweb-3\\vendor\\laravel\\framework\\src\\Illuminate\\Foundation\\Application.php(905): Illuminate\\Foundation\\Application->bootProvider(Object(App\\Providers\\RouteServiceProvider))
#27 [internal function]: Illuminate\\Foundation\\Application->Illuminate\\Foundation\\{closure}(Object(App\\Providers\\RouteServiceProvider), 41)
#28 C:\\wamp64\\www\\nammav2appweb-3\\vendor\\laravel\\framework\\src\\Illuminate\\Foundation\\Application.php(906): array_walk(Array, Object(Closure))
#29 C:\\wamp64\\www\\nammav2appweb-3\\vendor\\laravel\\framework\\src\\Illuminate\\Foundation\\Bootstrap\\BootProviders.php(17): Illuminate\\Foundation\\Application->boot()
#30 C:\\wamp64\\www\\nammav2appweb-3\\vendor\\laravel\\framework\\src\\Illuminate\\Foundation\\Application.php(237): Illuminate\\Foundation\\Bootstrap\\BootProviders->bootstrap(Object(Illuminate\\Foundation\\Application))
#31 C:\\wamp64\\www\\nammav2appweb-3\\vendor\\laravel\\framework\\src\\Illuminate\\Foundation\\Http\\Kernel.php(153): Illuminate\\Foundation\\Application->bootstrapWith(Array)
#32 C:\\wamp64\\www\\nammav2appweb-3\\vendor\\laravel\\framework\\src\\Illuminate\\Foundation\\Http\\Kernel.php(137): Illuminate\\Foundation\\Http\\Kernel->bootstrap()
#33 C:\\wamp64\\www\\nammav2appweb-3\\vendor\\laravel\\framework\\src\\Illuminate\\Foundation\\Http\\Kernel.php(111): Illuminate\\Foundation\\Http\\Kernel->sendRequestThroughRouter(Object(Illuminate\\Http\\Request))
#34 C:\\wamp64\\www\\nammav2appweb-3\\public\\index.php(52): Illuminate\\Foundation\\Http\\Kernel->handle(Object(Illuminate\\Http\\Request))
#35 C:\\wamp64\\www\\nammav2appweb-3\\server.php(21): require_once('C:\\\\wamp64\\\\www\\\\n...')
#36 {main}
"} 
[2023-07-26 14:49:48] local.ERROR: Target class [App\Http\Controllers\SmsController] does not exist. {"exception":"[object] (Illuminate\\Contracts\\Container\\BindingResolutionException(code: 0): Target class [App\\Http\\Controllers\\SmsController] does not exist. at C:\\wamp64\\www\\nammav2appweb-3\\vendor\\laravel\\framework\\src\\Illuminate\\Container\\Container.php:879)
[stacktrace]
#0 C:\\wamp64\\www\\nammav2appweb-3\\vendor\\laravel\\framework\\src\\Illuminate\\Container\\Container.php(758): Illuminate\\Container\\Container->build('App\\\\Http\\\\Contro...')
#1 C:\\wamp64\\www\\nammav2appweb-3\\vendor\\laravel\\framework\\src\\Illuminate\\Foundation\\Application.php(851): Illuminate\\Container\\Container->resolve('App\\\\Http\\\\Contro...', Array, true)
#2 C:\\wamp64\\www\\nammav2appweb-3\\vendor\\laravel\\framework\\src\\Illuminate\\Container\\Container.php(694): Illuminate\\Foundation\\Application->resolve('App\\\\Http\\\\Contro...', Array)
#3 C:\\wamp64\\www\\nammav2appweb-3\\vendor\\laravel\\framework\\src\\Illuminate\\Foundation\\Application.php(836): Illuminate\\Container\\Container->make('App\\\\Http\\\\Contro...', Array)
#4 C:\\wamp64\\www\\nammav2appweb-3\\vendor\\laravel\\framework\\src\\Illuminate\\Routing\\Route.php(276): Illuminate\\Foundation\\Application->make('App\\\\Http\\\\Contro...')
#5 C:\\wamp64\\www\\nammav2appweb-3\\vendor\\laravel\\framework\\src\\Illuminate\\Routing\\Route.php(1080): Illuminate\\Routing\\Route->getController()
#6 C:\\wamp64\\www\\nammav2appweb-3\\vendor\\laravel\\framework\\src\\Illuminate\\Routing\\Route.php(1023): Illuminate\\Routing\\Route->controllerMiddleware()
#7 C:\\wamp64\\www\\nammav2appweb-3\\vendor\\laravel\\framework\\src\\Illuminate\\Routing\\Router.php(734): Illuminate\\Routing\\Route->gatherMiddleware()
#8 C:\\wamp64\\www\\nammav2appweb-3\\vendor\\laravel\\framework\\src\\Illuminate\\Routing\\Router.php(714): Illuminate\\Routing\\Router->gatherRouteMiddleware(Object(Illuminate\\Routing\\Route))
#9 C:\\wamp64\\www\\nammav2appweb-3\\vendor\\laravel\\framework\\src\\Illuminate\\Routing\\Router.php(698): Illuminate\\Routing\\Router->runRouteWithinStack(Object(Illuminate\\Routing\\Route), Object(Illuminate\\Http\\Request))
#10 C:\\wamp64\\www\\nammav2appweb-3\\vendor\\laravel\\framework\\src\\Illuminate\\Routing\\Router.php(662): Illuminate\\Routing\\Router->runRoute(Object(Illuminate\\Http\\Request), Object(Illuminate\\Routing\\Route))
#11 C:\\wamp64\\www\\nammav2appweb-3\\vendor\\laravel\\framework\\src\\Illuminate\\Routing\\Router.php(651): Illuminate\\Routing\\Router->dispatchToRoute(Object(Illuminate\\Http\\Request))
#12 C:\\wamp64\\www\\nammav2appweb-3\\vendor\\laravel\\framework\\src\\Illuminate\\Foundation\\Http\\Kernel.php(167): Illuminate\\Routing\\Router->dispatch(Object(Illuminate\\Http\\Request))
#13 C:\\wamp64\\www\\nammav2appweb-3\\vendor\\laravel\\framework\\src\\Illuminate\\Pipeline\\Pipeline.php(128): Illuminate\\Foundation\\Http\\Kernel->Illuminate\\Foundation\\Http\\{closure}(Object(Illuminate\\Http\\Request))
#14 C:\\wamp64\\www\\nammav2appweb-3\\vendor\\laravel\\framework\\src\\Illuminate\\Foundation\\Http\\Middleware\\TransformsRequest.php(21): Illuminate\\Pipeline\\Pipeline->Illuminate\\Pipeline\\{closure}(Object(Illuminate\\Http\\Request))
#15 C:\\wamp64\\www\\nammav2appweb-3\\vendor\\laravel\\framework\\src\\Illuminate\\Foundation\\Http\\Middleware\\ConvertEmptyStringsToNull.php(31): Illuminate\\Foundation\\Http\\Middleware\\TransformsRequest->handle(Object(Illuminate\\Http\\Request), Object(Closure))
#16 C:\\wamp64\\www\\nammav2appweb-3\\vendor\\laravel\\framework\\src\\Illuminate\\Pipeline\\Pipeline.php(167): Illuminate\\Foundation\\Http\\Middleware\\ConvertEmptyStringsToNull->handle(Object(Illuminate\\Http\\Request), Object(Closure))
#17 C:\\wamp64\\www\\nammav2appweb-3\\vendor\\laravel\\framework\\src\\Illuminate\\Foundation\\Http\\Middleware\\TransformsRequest.php(21): Illuminate\\Pipeline\\Pipeline->Illuminate\\Pipeline\\{closure}(Object(Illuminate\\Http\\Request))
#18 C:\\wamp64\\www\\nammav2appweb-3\\vendor\\laravel\\framework\\src\\Illuminate\\Foundation\\Http\\Middleware\\TrimStrings.php(40): Illuminate\\Foundation\\Http\\Middleware\\TransformsRequest->handle(Object(Illuminate\\Http\\Request), Object(Closure))
#19 C:\\wamp64\\www\\nammav2appweb-3\\vendor\\laravel\\framework\\src\\Illuminate\\Pipeline\\Pipeline.php(167): Illuminate\\Foundation\\Http\\Middleware\\TrimStrings->handle(Object(Illuminate\\Http\\Request), Object(Closure))
#20 C:\\wamp64\\www\\nammav2appweb-3\\vendor\\laravel\\framework\\src\\Illuminate\\Foundation\\Http\\Middleware\\ValidatePostSize.php(27): Illuminate\\Pipeline\\Pipeline->Illuminate\\Pipeline\\{closure}(Object(Illuminate\\Http\\Request))
#21 C:\\wamp64\\www\\nammav2appweb-3\\vendor\\laravel\\framework\\src\\Illuminate\\Pipeline\\Pipeline.php(167): Illuminate\\Foundation\\Http\\Middleware\\ValidatePostSize->handle(Object(Illuminate\\Http\\Request), Object(Closure))
#22 C:\\wamp64\\www\\nammav2appweb-3\\vendor\\laravel\\framework\\src\\Illuminate\\Foundation\\Http\\Middleware\\PreventRequestsDuringMaintenance.php(86): Illuminate\\Pipeline\\Pipeline->Illuminate\\Pipeline\\{closure}(Object(Illuminate\\Http\\Request))
#23 C:\\wamp64\\www\\nammav2appweb-3\\vendor\\laravel\\framework\\src\\Illuminate\\Pipeline\\Pipeline.php(167): Illuminate\\Foundation\\Http\\Middleware\\PreventRequestsDuringMaintenance->handle(Object(Illuminate\\Http\\Request), Object(Closure))
#24 C:\\wamp64\\www\\nammav2appweb-3\\vendor\\fruitcake\\laravel-cors\\src\\HandleCors.php(38): Illuminate\\Pipeline\\Pipeline->Illuminate\\Pipeline\\{closure}(Object(Illuminate\\Http\\Request))
#25 C:\\wamp64\\www\\nammav2appweb-3\\vendor\\laravel\\framework\\src\\Illuminate\\Pipeline\\Pipeline.php(167): Fruitcake\\Cors\\HandleCors->handle(Object(Illuminate\\Http\\Request), Object(Closure))
#26 C:\\wamp64\\www\\nammav2appweb-3\\vendor\\fideloper\\proxy\\src\\TrustProxies.php(57): Illuminate\\Pipeline\\Pipeline->Illuminate\\Pipeline\\{closure}(Object(Illuminate\\Http\\Request))
#27 C:\\wamp64\\www\\nammav2appweb-3\\vendor\\laravel\\framework\\src\\Illuminate\\Pipeline\\Pipeline.php(167): Fideloper\\Proxy\\TrustProxies->handle(Object(Illuminate\\Http\\Request), Object(Closure))
#28 C:\\wamp64\\www\\nammav2appweb-3\\vendor\\laravel\\framework\\src\\Illuminate\\Pipeline\\Pipeline.php(103): Illuminate\\Pipeline\\Pipeline->Illuminate\\Pipeline\\{closure}(Object(Illuminate\\Http\\Request))
#29 C:\\wamp64\\www\\nammav2appweb-3\\vendor\\laravel\\framework\\src\\Illuminate\\Foundation\\Http\\Kernel.php(142): Illuminate\\Pipeline\\Pipeline->then(Object(Closure))
#30 C:\\wamp64\\www\\nammav2appweb-3\\vendor\\laravel\\framework\\src\\Illuminate\\Foundation\\Http\\Kernel.php(111): Illuminate\\Foundation\\Http\\Kernel->sendRequestThroughRouter(Object(Illuminate\\Http\\Request))
#31 C:\\wamp64\\www\\nammav2appweb-3\\public\\index.php(52): Illuminate\\Foundation\\Http\\Kernel->handle(Object(Illuminate\\Http\\Request))
#32 C:\\wamp64\\www\\nammav2appweb-3\\server.php(21): require_once('C:\\\\wamp64\\\\www\\\\n...')
#33 {main}

[previous exception] [object] (ReflectionException(code: -1): Class \"App\\Http\\Controllers\\SmsController\" does not exist at C:\\wamp64\\www\\nammav2appweb-3\\vendor\\laravel\\framework\\src\\Illuminate\\Container\\Container.php:877)
[stacktrace]
#0 C:\\wamp64\\www\\nammav2appweb-3\\vendor\\laravel\\framework\\src\\Illuminate\\Container\\Container.php(877): ReflectionClass->__construct('App\\\\Http\\\\Contro...')
#1 C:\\wamp64\\www\\nammav2appweb-3\\vendor\\laravel\\framework\\src\\Illuminate\\Container\\Container.php(758): Illuminate\\Container\\Container->build('App\\\\Http\\\\Contro...')
#2 C:\\wamp64\\www\\nammav2appweb-3\\vendor\\laravel\\framework\\src\\Illuminate\\Foundation\\Application.php(851): Illuminate\\Container\\Container->resolve('App\\\\Http\\\\Contro...', Array, true)
#3 C:\\wamp64\\www\\nammav2appweb-3\\vendor\\laravel\\framework\\src\\Illuminate\\Container\\Container.php(694): Illuminate\\Foundation\\Application->resolve('App\\\\Http\\\\Contro...', Array)
#4 C:\\wamp64\\www\\nammav2appweb-3\\vendor\\laravel\\framework\\src\\Illuminate\\Foundation\\Application.php(836): Illuminate\\Container\\Container->make('App\\\\Http\\\\Contro...', Array)
#5 C:\\wamp64\\www\\nammav2appweb-3\\vendor\\laravel\\framework\\src\\Illuminate\\Routing\\Route.php(276): Illuminate\\Foundation\\Application->make('App\\\\Http\\\\Contro...')
#6 C:\\wamp64\\www\\nammav2appweb-3\\vendor\\laravel\\framework\\src\\Illuminate\\Routing\\Route.php(1080): Illuminate\\Routing\\Route->getController()
#7 C:\\wamp64\\www\\nammav2appweb-3\\vendor\\laravel\\framework\\src\\Illuminate\\Routing\\Route.php(1023): Illuminate\\Routing\\Route->controllerMiddleware()
#8 C:\\wamp64\\www\\nammav2appweb-3\\vendor\\laravel\\framework\\src\\Illuminate\\Routing\\Router.php(734): Illuminate\\Routing\\Route->gatherMiddleware()
#9 C:\\wamp64\\www\\nammav2appweb-3\\vendor\\laravel\\framework\\src\\Illuminate\\Routing\\Router.php(714): Illuminate\\Routing\\Router->gatherRouteMiddleware(Object(Illuminate\\Routing\\Route))
#10 C:\\wamp64\\www\\nammav2appweb-3\\vendor\\laravel\\framework\\src\\Illuminate\\Routing\\Router.php(698): Illuminate\\Routing\\Router->runRouteWithinStack(Object(Illuminate\\Routing\\Route), Object(Illuminate\\Http\\Request))
#11 C:\\wamp64\\www\\nammav2appweb-3\\vendor\\laravel\\framework\\src\\Illuminate\\Routing\\Router.php(662): Illuminate\\Routing\\Router->runRoute(Object(Illuminate\\Http\\Request), Object(Illuminate\\Routing\\Route))
#12 C:\\wamp64\\www\\nammav2appweb-3\\vendor\\laravel\\framework\\src\\Illuminate\\Routing\\Router.php(651): Illuminate\\Routing\\Router->dispatchToRoute(Object(Illuminate\\Http\\Request))
#13 C:\\wamp64\\www\\nammav2appweb-3\\vendor\\laravel\\framework\\src\\Illuminate\\Foundation\\Http\\Kernel.php(167): Illuminate\\Routing\\Router->dispatch(Object(Illuminate\\Http\\Request))
#14 C:\\wamp64\\www\\nammav2appweb-3\\vendor\\laravel\\framework\\src\\Illuminate\\Pipeline\\Pipeline.php(128): Illuminate\\Foundation\\Http\\Kernel->Illuminate\\Foundation\\Http\\{closure}(Object(Illuminate\\Http\\Request))
#15 C:\\wamp64\\www\\nammav2appweb-3\\vendor\\laravel\\framework\\src\\Illuminate\\Foundation\\Http\\Middleware\\TransformsRequest.php(21): Illuminate\\Pipeline\\Pipeline->Illuminate\\Pipeline\\{closure}(Object(Illuminate\\Http\\Request))
#16 C:\\wamp64\\www\\nammav2appweb-3\\vendor\\laravel\\framework\\src\\Illuminate\\Foundation\\Http\\Middleware\\ConvertEmptyStringsToNull.php(31): Illuminate\\Foundation\\Http\\Middleware\\TransformsRequest->handle(Object(Illuminate\\Http\\Request), Object(Closure))
#17 C:\\wamp64\\www\\nammav2appweb-3\\vendor\\laravel\\framework\\src\\Illuminate\\Pipeline\\Pipeline.php(167): Illuminate\\Foundation\\Http\\Middleware\\ConvertEmptyStringsToNull->handle(Object(Illuminate\\Http\\Request), Object(Closure))
#18 C:\\wamp64\\www\\nammav2appweb-3\\vendor\\laravel\\framework\\src\\Illuminate\\Foundation\\Http\\Middleware\\TransformsRequest.php(21): Illuminate\\Pipeline\\Pipeline->Illuminate\\Pipeline\\{closure}(Object(Illuminate\\Http\\Request))
#19 C:\\wamp64\\www\\nammav2appweb-3\\vendor\\laravel\\framework\\src\\Illuminate\\Foundation\\Http\\Middleware\\TrimStrings.php(40): Illuminate\\Foundation\\Http\\Middleware\\TransformsRequest->handle(Object(Illuminate\\Http\\Request), Object(Closure))
#20 C:\\wamp64\\www\\nammav2appweb-3\\vendor\\laravel\\framework\\src\\Illuminate\\Pipeline\\Pipeline.php(167): Illuminate\\Foundation\\Http\\Middleware\\TrimStrings->handle(Object(Illuminate\\Http\\Request), Object(Closure))
#21 C:\\wamp64\\www\\nammav2appweb-3\\vendor\\laravel\\framework\\src\\Illuminate\\Foundation\\Http\\Middleware\\ValidatePostSize.php(27): Illuminate\\Pipeline\\Pipeline->Illuminate\\Pipeline\\{closure}(Object(Illuminate\\Http\\Request))
#22 C:\\wamp64\\www\\nammav2appweb-3\\vendor\\laravel\\framework\\src\\Illuminate\\Pipeline\\Pipeline.php(167): Illuminate\\Foundation\\Http\\Middleware\\ValidatePostSize->handle(Object(Illuminate\\Http\\Request), Object(Closure))
#23 C:\\wamp64\\www\\nammav2appweb-3\\vendor\\laravel\\framework\\src\\Illuminate\\Foundation\\Http\\Middleware\\PreventRequestsDuringMaintenance.php(86): Illuminate\\Pipeline\\Pipeline->Illuminate\\Pipeline\\{closure}(Object(Illuminate\\Http\\Request))
#24 C:\\wamp64\\www\\nammav2appweb-3\\vendor\\laravel\\framework\\src\\Illuminate\\Pipeline\\Pipeline.php(167): Illuminate\\Foundation\\Http\\Middleware\\PreventRequestsDuringMaintenance->handle(Object(Illuminate\\Http\\Request), Object(Closure))
#25 C:\\wamp64\\www\\nammav2appweb-3\\vendor\\fruitcake\\laravel-cors\\src\\HandleCors.php(38): Illuminate\\Pipeline\\Pipeline->Illuminate\\Pipeline\\{closure}(Object(Illuminate\\Http\\Request))
#26 C:\\wamp64\\www\\nammav2appweb-3\\vendor\\laravel\\framework\\src\\Illuminate\\Pipeline\\Pipeline.php(167): Fruitcake\\Cors\\HandleCors->handle(Object(Illuminate\\Http\\Request), Object(Closure))
#27 C:\\wamp64\\www\\nammav2appweb-3\\vendor\\fideloper\\proxy\\src\\TrustProxies.php(57): Illuminate\\Pipeline\\Pipeline->Illuminate\\Pipeline\\{closure}(Object(Illuminate\\Http\\Request))
#28 C:\\wamp64\\www\\nammav2appweb-3\\vendor\\laravel\\framework\\src\\Illuminate\\Pipeline\\Pipeline.php(167): Fideloper\\Proxy\\TrustProxies->handle(Object(Illuminate\\Http\\Request), Object(Closure))
#29 C:\\wamp64\\www\\nammav2appweb-3\\vendor\\laravel\\framework\\src\\Illuminate\\Pipeline\\Pipeline.php(103): Illuminate\\Pipeline\\Pipeline->Illuminate\\Pipeline\\{closure}(Object(Illuminate\\Http\\Request))
#30 C:\\wamp64\\www\\nammav2appweb-3\\vendor\\laravel\\framework\\src\\Illuminate\\Foundation\\Http\\Kernel.php(142): Illuminate\\Pipeline\\Pipeline->then(Object(Closure))
#31 C:\\wamp64\\www\\nammav2appweb-3\\vendor\\laravel\\framework\\src\\Illuminate\\Foundation\\Http\\Kernel.php(111): Illuminate\\Foundation\\Http\\Kernel->sendRequestThroughRouter(Object(Illuminate\\Http\\Request))
#32 C:\\wamp64\\www\\nammav2appweb-3\\public\\index.php(52): Illuminate\\Foundation\\Http\\Kernel->handle(Object(Illuminate\\Http\\Request))
#33 C:\\wamp64\\www\\nammav2appweb-3\\server.php(21): require_once('C:\\\\wamp64\\\\www\\\\n...')
#34 {main}
"} 
[2023-07-26 15:23:45] local.ERROR: Illegal offset type {"userId":1,"exception":"[object] (TypeError(code: 0): Illegal offset type at C:\\wamp64\\www\\nammav2appweb-3\\vendor\\laravel\\framework\\src\\Illuminate\\Translation\\Translator.php:110)
[stacktrace]
#0 C:\\wamp64\\www\\nammav2appweb-3\\vendor\\laravel\\framework\\src\\Illuminate\\Foundation\\helpers.php(835): Illuminate\\Translation\\Translator->get(Array, Array, 'en')
#1 C:\\wamp64\\www\\nammav2appweb-3\\vendor\\laravel\\framework\\src\\Illuminate\\Foundation\\helpers.php(870): trans(Array, Array, NULL)
#2 C:\\wamp64\\www\\nammav2appweb-3\\app\\Http\\Controllers\\SmsController.php(38): __(Array)
#3 C:\\wamp64\\www\\nammav2appweb-3\\vendor\\laravel\\framework\\src\\Illuminate\\Routing\\Controller.php(54): App\\Http\\Controllers\\SmsController->sendSms(Object(Illuminate\\Http\\Request))
#4 C:\\wamp64\\www\\nammav2appweb-3\\vendor\\laravel\\framework\\src\\Illuminate\\Routing\\ControllerDispatcher.php(45): Illuminate\\Routing\\Controller->callAction('sendSms', Array)
#5 C:\\wamp64\\www\\nammav2appweb-3\\vendor\\laravel\\framework\\src\\Illuminate\\Routing\\Route.php(262): Illuminate\\Routing\\ControllerDispatcher->dispatch(Object(Illuminate\\Routing\\Route), Object(App\\Http\\Controllers\\SmsController), 'sendSms')
#6 C:\\wamp64\\www\\nammav2appweb-3\\vendor\\laravel\\framework\\src\\Illuminate\\Routing\\Route.php(205): Illuminate\\Routing\\Route->runController()
#7 C:\\wamp64\\www\\nammav2appweb-3\\vendor\\laravel\\framework\\src\\Illuminate\\Routing\\Router.php(721): Illuminate\\Routing\\Route->run()
#8 C:\\wamp64\\www\\nammav2appweb-3\\vendor\\laravel\\framework\\src\\Illuminate\\Pipeline\\Pipeline.php(128): Illuminate\\Routing\\Router->Illuminate\\Routing\\{closure}(Object(Illuminate\\Http\\Request))
#9 C:\\wamp64\\www\\nammav2appweb-3\\vendor\\laravel\\framework\\src\\Illuminate\\Auth\\Middleware\\EnsureEmailIsVerified.php(30): Illuminate\\Pipeline\\Pipeline->Illuminate\\Pipeline\\{closure}(Object(Illuminate\\Http\\Request))
#10 C:\\wamp64\\www\\nammav2appweb-3\\vendor\\laravel\\framework\\src\\Illuminate\\Pipeline\\Pipeline.php(167): Illuminate\\Auth\\Middleware\\EnsureEmailIsVerified->handle(Object(Illuminate\\Http\\Request), Object(Closure))
#11 C:\\wamp64\\www\\nammav2appweb-3\\app\\Http\\Middleware\\LanguageTranslator.php(13): Illuminate\\Pipeline\\Pipeline->Illuminate\\Pipeline\\{closure}(Object(Illuminate\\Http\\Request))
#12 C:\\wamp64\\www\\nammav2appweb-3\\vendor\\laravel\\framework\\src\\Illuminate\\Pipeline\\Pipeline.php(167): App\\Http\\Middleware\\LanguageTranslator->handle(Object(Illuminate\\Http\\Request), Object(Closure))
#13 C:\\wamp64\\www\\nammav2appweb-3\\vendor\\laravel\\framework\\src\\Illuminate\\Routing\\Middleware\\SubstituteBindings.php(50): Illuminate\\Pipeline\\Pipeline->Illuminate\\Pipeline\\{closure}(Object(Illuminate\\Http\\Request))
#14 C:\\wamp64\\www\\nammav2appweb-3\\vendor\\laravel\\framework\\src\\Illuminate\\Pipeline\\Pipeline.php(167): Illuminate\\Routing\\Middleware\\SubstituteBindings->handle(Object(Illuminate\\Http\\Request), Object(Closure))
#15 C:\\wamp64\\www\\nammav2appweb-3\\vendor\\laravel\\framework\\src\\Illuminate\\Auth\\Middleware\\Authenticate.php(44): Illuminate\\Pipeline\\Pipeline->Illuminate\\Pipeline\\{closure}(Object(Illuminate\\Http\\Request))
#16 C:\\wamp64\\www\\nammav2appweb-3\\vendor\\laravel\\framework\\src\\Illuminate\\Pipeline\\Pipeline.php(167): Illuminate\\Auth\\Middleware\\Authenticate->handle(Object(Illuminate\\Http\\Request), Object(Closure))
#17 C:\\wamp64\\www\\nammav2appweb-3\\vendor\\laravel\\framework\\src\\Illuminate\\Foundation\\Http\\Middleware\\VerifyCsrfToken.php(78): Illuminate\\Pipeline\\Pipeline->Illuminate\\Pipeline\\{closure}(Object(Illuminate\\Http\\Request))
#18 C:\\wamp64\\www\\nammav2appweb-3\\vendor\\laravel\\framework\\src\\Illuminate\\Pipeline\\Pipeline.php(167): Illuminate\\Foundation\\Http\\Middleware\\VerifyCsrfToken->handle(Object(Illuminate\\Http\\Request), Object(Closure))
#19 C:\\wamp64\\www\\nammav2appweb-3\\vendor\\laravel\\framework\\src\\Illuminate\\View\\Middleware\\ShareErrorsFromSession.php(49): Illuminate\\Pipeline\\Pipeline->Illuminate\\Pipeline\\{closure}(Object(Illuminate\\Http\\Request))
#20 C:\\wamp64\\www\\nammav2appweb-3\\vendor\\laravel\\framework\\src\\Illuminate\\Pipeline\\Pipeline.php(167): Illuminate\\View\\Middleware\\ShareErrorsFromSession->handle(Object(Illuminate\\Http\\Request), Object(Closure))
#21 C:\\wamp64\\www\\nammav2appweb-3\\vendor\\laravel\\framework\\src\\Illuminate\\Session\\Middleware\\StartSession.php(121): Illuminate\\Pipeline\\Pipeline->Illuminate\\Pipeline\\{closure}(Object(Illuminate\\Http\\Request))
#22 C:\\wamp64\\www\\nammav2appweb-3\\vendor\\laravel\\framework\\src\\Illuminate\\Session\\Middleware\\StartSession.php(64): Illuminate\\Session\\Middleware\\StartSession->handleStatefulRequest(Object(Illuminate\\Http\\Request), Object(Illuminate\\Session\\Store), Object(Closure))
#23 C:\\wamp64\\www\\nammav2appweb-3\\vendor\\laravel\\framework\\src\\Illuminate\\Pipeline\\Pipeline.php(167): Illuminate\\Session\\Middleware\\StartSession->handle(Object(Illuminate\\Http\\Request), Object(Closure))
#24 C:\\wamp64\\www\\nammav2appweb-3\\vendor\\laravel\\framework\\src\\Illuminate\\Cookie\\Middleware\\AddQueuedCookiesToResponse.php(37): Illuminate\\Pipeline\\Pipeline->Illuminate\\Pipeline\\{closure}(Object(Illuminate\\Http\\Request))
#25 C:\\wamp64\\www\\nammav2appweb-3\\vendor\\laravel\\framework\\src\\Illuminate\\Pipeline\\Pipeline.php(167): Illuminate\\Cookie\\Middleware\\AddQueuedCookiesToResponse->handle(Object(Illuminate\\Http\\Request), Object(Closure))
#26 C:\\wamp64\\www\\nammav2appweb-3\\vendor\\laravel\\framework\\src\\Illuminate\\Cookie\\Middleware\\EncryptCookies.php(67): Illuminate\\Pipeline\\Pipeline->Illuminate\\Pipeline\\{closure}(Object(Illuminate\\Http\\Request))
#27 C:\\wamp64\\www\\nammav2appweb-3\\vendor\\laravel\\framework\\src\\Illuminate\\Pipeline\\Pipeline.php(167): Illuminate\\Cookie\\Middleware\\EncryptCookies->handle(Object(Illuminate\\Http\\Request), Object(Closure))
#28 C:\\wamp64\\www\\nammav2appweb-3\\vendor\\laravel\\framework\\src\\Illuminate\\Pipeline\\Pipeline.php(103): Illuminate\\Pipeline\\Pipeline->Illuminate\\Pipeline\\{closure}(Object(Illuminate\\Http\\Request))
#29 C:\\wamp64\\www\\nammav2appweb-3\\vendor\\laravel\\framework\\src\\Illuminate\\Routing\\Router.php(723): Illuminate\\Pipeline\\Pipeline->then(Object(Closure))
#30 C:\\wamp64\\www\\nammav2appweb-3\\vendor\\laravel\\framework\\src\\Illuminate\\Routing\\Router.php(698): Illuminate\\Routing\\Router->runRouteWithinStack(Object(Illuminate\\Routing\\Route), Object(Illuminate\\Http\\Request))
#31 C:\\wamp64\\www\\nammav2appweb-3\\vendor\\laravel\\framework\\src\\Illuminate\\Routing\\Router.php(662): Illuminate\\Routing\\Router->runRoute(Object(Illuminate\\Http\\Request), Object(Illuminate\\Routing\\Route))
#32 C:\\wamp64\\www\\nammav2appweb-3\\vendor\\laravel\\framework\\src\\Illuminate\\Routing\\Router.php(651): Illuminate\\Routing\\Router->dispatchToRoute(Object(Illuminate\\Http\\Request))
#33 C:\\wamp64\\www\\nammav2appweb-3\\vendor\\laravel\\framework\\src\\Illuminate\\Foundation\\Http\\Kernel.php(167): Illuminate\\Routing\\Router->dispatch(Object(Illuminate\\Http\\Request))
#34 C:\\wamp64\\www\\nammav2appweb-3\\vendor\\laravel\\framework\\src\\Illuminate\\Pipeline\\Pipeline.php(128): Illuminate\\Foundation\\Http\\Kernel->Illuminate\\Foundation\\Http\\{closure}(Object(Illuminate\\Http\\Request))
#35 C:\\wamp64\\www\\nammav2appweb-3\\vendor\\laravel\\framework\\src\\Illuminate\\Foundation\\Http\\Middleware\\TransformsRequest.php(21): Illuminate\\Pipeline\\Pipeline->Illuminate\\Pipeline\\{closure}(Object(Illuminate\\Http\\Request))
#36 C:\\wamp64\\www\\nammav2appweb-3\\vendor\\laravel\\framework\\src\\Illuminate\\Foundation\\Http\\Middleware\\ConvertEmptyStringsToNull.php(31): Illuminate\\Foundation\\Http\\Middleware\\TransformsRequest->handle(Object(Illuminate\\Http\\Request), Object(Closure))
#37 C:\\wamp64\\www\\nammav2appweb-3\\vendor\\laravel\\framework\\src\\Illuminate\\Pipeline\\Pipeline.php(167): Illuminate\\Foundation\\Http\\Middleware\\ConvertEmptyStringsToNull->handle(Object(Illuminate\\Http\\Request), Object(Closure))
#38 C:\\wamp64\\www\\nammav2appweb-3\\vendor\\laravel\\framework\\src\\Illuminate\\Foundation\\Http\\Middleware\\TransformsRequest.php(21): Illuminate\\Pipeline\\Pipeline->Illuminate\\Pipeline\\{closure}(Object(Illuminate\\Http\\Request))
#39 C:\\wamp64\\www\\nammav2appweb-3\\vendor\\laravel\\framework\\src\\Illuminate\\Foundation\\Http\\Middleware\\TrimStrings.php(40): Illuminate\\Foundation\\Http\\Middleware\\TransformsRequest->handle(Object(Illuminate\\Http\\Request), Object(Closure))
#40 C:\\wamp64\\www\\nammav2appweb-3\\vendor\\laravel\\framework\\src\\Illuminate\\Pipeline\\Pipeline.php(167): Illuminate\\Foundation\\Http\\Middleware\\TrimStrings->handle(Object(Illuminate\\Http\\Request), Object(Closure))
#41 C:\\wamp64\\www\\nammav2appweb-3\\vendor\\laravel\\framework\\src\\Illuminate\\Foundation\\Http\\Middleware\\ValidatePostSize.php(27): Illuminate\\Pipeline\\Pipeline->Illuminate\\Pipeline\\{closure}(Object(Illuminate\\Http\\Request))
#42 C:\\wamp64\\www\\nammav2appweb-3\\vendor\\laravel\\framework\\src\\Illuminate\\Pipeline\\Pipeline.php(167): Illuminate\\Foundation\\Http\\Middleware\\ValidatePostSize->handle(Object(Illuminate\\Http\\Request), Object(Closure))
#43 C:\\wamp64\\www\\nammav2appweb-3\\vendor\\laravel\\framework\\src\\Illuminate\\Foundation\\Http\\Middleware\\PreventRequestsDuringMaintenance.php(86): Illuminate\\Pipeline\\Pipeline->Illuminate\\Pipeline\\{closure}(Object(Illuminate\\Http\\Request))
#44 C:\\wamp64\\www\\nammav2appweb-3\\vendor\\laravel\\framework\\src\\Illuminate\\Pipeline\\Pipeline.php(167): Illuminate\\Foundation\\Http\\Middleware\\PreventRequestsDuringMaintenance->handle(Object(Illuminate\\Http\\Request), Object(Closure))
#45 C:\\wamp64\\www\\nammav2appweb-3\\vendor\\fruitcake\\laravel-cors\\src\\HandleCors.php(38): Illuminate\\Pipeline\\Pipeline->Illuminate\\Pipeline\\{closure}(Object(Illuminate\\Http\\Request))
#46 C:\\wamp64\\www\\nammav2appweb-3\\vendor\\laravel\\framework\\src\\Illuminate\\Pipeline\\Pipeline.php(167): Fruitcake\\Cors\\HandleCors->handle(Object(Illuminate\\Http\\Request), Object(Closure))
#47 C:\\wamp64\\www\\nammav2appweb-3\\vendor\\fideloper\\proxy\\src\\TrustProxies.php(57): Illuminate\\Pipeline\\Pipeline->Illuminate\\Pipeline\\{closure}(Object(Illuminate\\Http\\Request))
#48 C:\\wamp64\\www\\nammav2appweb-3\\vendor\\laravel\\framework\\src\\Illuminate\\Pipeline\\Pipeline.php(167): Fideloper\\Proxy\\TrustProxies->handle(Object(Illuminate\\Http\\Request), Object(Closure))
#49 C:\\wamp64\\www\\nammav2appweb-3\\vendor\\laravel\\framework\\src\\Illuminate\\Pipeline\\Pipeline.php(103): Illuminate\\Pipeline\\Pipeline->Illuminate\\Pipeline\\{closure}(Object(Illuminate\\Http\\Request))
#50 C:\\wamp64\\www\\nammav2appweb-3\\vendor\\laravel\\framework\\src\\Illuminate\\Foundation\\Http\\Kernel.php(142): Illuminate\\Pipeline\\Pipeline->then(Object(Closure))
#51 C:\\wamp64\\www\\nammav2appweb-3\\vendor\\laravel\\framework\\src\\Illuminate\\Foundation\\Http\\Kernel.php(111): Illuminate\\Foundation\\Http\\Kernel->sendRequestThroughRouter(Object(Illuminate\\Http\\Request))
#52 C:\\wamp64\\www\\nammav2appweb-3\\public\\index.php(52): Illuminate\\Foundation\\Http\\Kernel->handle(Object(Illuminate\\Http\\Request))
#53 C:\\wamp64\\www\\nammav2appweb-3\\server.php(21): require_once('C:\\\\wamp64\\\\www\\\\n...')
#54 {main}
"} 
[2023-07-26 15:46:43] local.ERROR: Route [sms-send] not defined. (View: C:\wamp64\www\nammav2appweb-3\resources\views\partials\_body_sidebar.blade.php) {"view":{"view":"C:\\wamp64\\www\\nammav2appweb-3\\vendor\\laravel\\framework\\src\\Illuminate\\Routing\\UrlGenerator.php","data":[]},"userId":1,"exception":"[object] (Facade\\Ignition\\Exceptions\\ViewException(code: 0): Route [sms-send] not defined. (View: C:\\wamp64\\www\\nammav2appweb-3\\resources\\views\\partials\\_body_sidebar.blade.php) at C:\\wamp64\\www\\nammav2appweb-3\\vendor\\laravel\\framework\\src\\Illuminate\\Routing\\UrlGenerator.php:444)
[stacktrace]
#0 C:\\wamp64\\www\\nammav2appweb-3\\vendor\\laravel\\framework\\src\\Illuminate\\Support\\Facades\\Facade.php(261): Illuminate\\Routing\\UrlGenerator->route('sms-send')
#1 C:\\wamp64\\www\\nammav2appweb-3\\vendor\\lavary\\laravel-menu\\src\\Lavary\\Menu\\Builder.php(415): Illuminate\\Support\\Facades\\Facade::__callStatic('route', Array)
#2 C:\\wamp64\\www\\nammav2appweb-3\\vendor\\lavary\\laravel-menu\\src\\Lavary\\Menu\\Builder.php(344): Lavary\\Menu\\Builder->getRoute('sms-send')
#3 C:\\wamp64\\www\\nammav2appweb-3\\vendor\\lavary\\laravel-menu\\src\\Lavary\\Menu\\Item.php(255): Lavary\\Menu\\Builder->dispatch(Array)
#4 C:\\wamp64\\www\\nammav2appweb-3\\vendor\\lavary\\laravel-menu\\src\\Lavary\\Menu\\Item.php(384): Lavary\\Menu\\Item->url()
#5 C:\\wamp64\\www\\nammav2appweb-3\\vendor\\lavary\\laravel-menu\\src\\Lavary\\Menu\\Item.php(148): Lavary\\Menu\\Item->checkActivationStatus()
#6 C:\\wamp64\\www\\nammav2appweb-3\\vendor\\lavary\\laravel-menu\\src\\Lavary\\Menu\\Builder.php(70): Lavary\\Menu\\Item->__construct(Object(Lavary\\Menu\\Builder), 'id-64c13fe39052...', '<span>sms sent<...', Array)
#7 C:\\wamp64\\www\\nammav2appweb-3\\resources\\views/partials/_body_sidebar.blade.php(15): Lavary\\Menu\\Builder->add('<span>sms sent<...', Array)
#8 [internal function]: Illuminate\\Filesystem\\Filesystem::{closure}(Object(Lavary\\Menu\\Builder))
#9 C:\\wamp64\\www\\nammav2appweb-3\\vendor\\lavary\\laravel-menu\\src\\Lavary\\Menu\\Menu.php(81): call_user_func(Object(Closure), Object(Lavary\\Menu\\Builder))
#10 C:\\wamp64\\www\\nammav2appweb-3\\vendor\\laravel\\framework\\src\\Illuminate\\Support\\Facades\\Facade.php(261): Lavary\\Menu\\Menu->make('MenuList', Object(Closure))
#11 C:\\wamp64\\www\\nammav2appweb-3\\resources\\views/partials/_body_sidebar.blade.php(609): Illuminate\\Support\\Facades\\Facade::__callStatic('make', Array)
#12 C:\\wamp64\\www\\nammav2appweb-3\\vendor\\laravel\\framework\\src\\Illuminate\\Filesystem\\Filesystem.php(107): require('C:\\\\wamp64\\\\www\\\\n...')
#13 C:\\wamp64\\www\\nammav2appweb-3\\vendor\\laravel\\framework\\src\\Illuminate\\Filesystem\\Filesystem.php(108): Illuminate\\Filesystem\\Filesystem::Illuminate\\Filesystem\\{closure}()
#14 C:\\wamp64\\www\\nammav2appweb-3\\vendor\\laravel\\framework\\src\\Illuminate\\View\\Engines\\PhpEngine.php(58): Illuminate\\Filesystem\\Filesystem->getRequire('C:\\\\wamp64\\\\www\\\\n...', Array)
#15 C:\\wamp64\\www\\nammav2appweb-3\\vendor\\laravel\\framework\\src\\Illuminate\\View\\Engines\\CompilerEngine.php(61): Illuminate\\View\\Engines\\PhpEngine->evaluatePath('C:\\\\wamp64\\\\www\\\\n...', Array)
#16 C:\\wamp64\\www\\nammav2appweb-3\\vendor\\facade\\ignition\\src\\Views\\Engines\\CompilerEngine.php(37): Illuminate\\View\\Engines\\CompilerEngine->get('C:\\\\wamp64\\\\www\\\\n...', Array)
#17 C:\\wamp64\\www\\nammav2appweb-3\\vendor\\laravel\\framework\\src\\Illuminate\\View\\View.php(139): Facade\\Ignition\\Views\\Engines\\CompilerEngine->get('C:\\\\wamp64\\\\www\\\\n...', Array)
#18 C:\\wamp64\\www\\nammav2appweb-3\\vendor\\laravel\\framework\\src\\Illuminate\\View\\View.php(122): Illuminate\\View\\View->getContents()
#19 C:\\wamp64\\www\\nammav2appweb-3\\vendor\\laravel\\framework\\src\\Illuminate\\View\\View.php(91): Illuminate\\View\\View->renderContents()
#20 C:\\wamp64\\www\\nammav2appweb-3\\resources\\views/partials/_body.blade.php(6): Illuminate\\View\\View->render()
#21 C:\\wamp64\\www\\nammav2appweb-3\\vendor\\laravel\\framework\\src\\Illuminate\\Filesystem\\Filesystem.php(107): require('C:\\\\wamp64\\\\www\\\\n...')
#22 C:\\wamp64\\www\\nammav2appweb-3\\vendor\\laravel\\framework\\src\\Illuminate\\Filesystem\\Filesystem.php(108): Illuminate\\Filesystem\\Filesystem::Illuminate\\Filesystem\\{closure}()
#23 C:\\wamp64\\www\\nammav2appweb-3\\vendor\\laravel\\framework\\src\\Illuminate\\View\\Engines\\PhpEngine.php(58): Illuminate\\Filesystem\\Filesystem->getRequire('C:\\\\wamp64\\\\www\\\\n...', Array)
#24 C:\\wamp64\\www\\nammav2appweb-3\\vendor\\laravel\\framework\\src\\Illuminate\\View\\Engines\\CompilerEngine.php(61): Illuminate\\View\\Engines\\PhpEngine->evaluatePath('C:\\\\wamp64\\\\www\\\\n...', Array)
#25 C:\\wamp64\\www\\nammav2appweb-3\\vendor\\facade\\ignition\\src\\Views\\Engines\\CompilerEngine.php(37): Illuminate\\View\\Engines\\CompilerEngine->get('C:\\\\wamp64\\\\www\\\\n...', Array)
#26 C:\\wamp64\\www\\nammav2appweb-3\\vendor\\laravel\\framework\\src\\Illuminate\\View\\View.php(139): Facade\\Ignition\\Views\\Engines\\CompilerEngine->get('C:\\\\wamp64\\\\www\\\\n...', Array)
#27 C:\\wamp64\\www\\nammav2appweb-3\\vendor\\laravel\\framework\\src\\Illuminate\\View\\View.php(122): Illuminate\\View\\View->getContents()
#28 C:\\wamp64\\www\\nammav2appweb-3\\vendor\\laravel\\framework\\src\\Illuminate\\View\\View.php(91): Illuminate\\View\\View->renderContents()
#29 C:\\wamp64\\www\\nammav2appweb-3\\resources\\views/components/master-layout.blade.php(13): Illuminate\\View\\View->render()
#30 C:\\wamp64\\www\\nammav2appweb-3\\vendor\\laravel\\framework\\src\\Illuminate\\Filesystem\\Filesystem.php(107): require('C:\\\\wamp64\\\\www\\\\n...')
#31 C:\\wamp64\\www\\nammav2appweb-3\\vendor\\laravel\\framework\\src\\Illuminate\\Filesystem\\Filesystem.php(108): Illuminate\\Filesystem\\Filesystem::Illuminate\\Filesystem\\{closure}()
#32 C:\\wamp64\\www\\nammav2appweb-3\\vendor\\laravel\\framework\\src\\Illuminate\\View\\Engines\\PhpEngine.php(58): Illuminate\\Filesystem\\Filesystem->getRequire('C:\\\\wamp64\\\\www\\\\n...', Array)
#33 C:\\wamp64\\www\\nammav2appweb-3\\vendor\\laravel\\framework\\src\\Illuminate\\View\\Engines\\CompilerEngine.php(61): Illuminate\\View\\Engines\\PhpEngine->evaluatePath('C:\\\\wamp64\\\\www\\\\n...', Array)
#34 C:\\wamp64\\www\\nammav2appweb-3\\vendor\\facade\\ignition\\src\\Views\\Engines\\CompilerEngine.php(37): Illuminate\\View\\Engines\\CompilerEngine->get('C:\\\\wamp64\\\\www\\\\n...', Array)
#35 C:\\wamp64\\www\\nammav2appweb-3\\vendor\\laravel\\framework\\src\\Illuminate\\View\\View.php(139): Facade\\Ignition\\Views\\Engines\\CompilerEngine->get('C:\\\\wamp64\\\\www\\\\n...', Array)
#36 C:\\wamp64\\www\\nammav2appweb-3\\vendor\\laravel\\framework\\src\\Illuminate\\View\\View.php(122): Illuminate\\View\\View->getContents()
#37 C:\\wamp64\\www\\nammav2appweb-3\\vendor\\laravel\\framework\\src\\Illuminate\\View\\View.php(91): Illuminate\\View\\View->renderContents()
#38 C:\\wamp64\\www\\nammav2appweb-3\\vendor\\laravel\\framework\\src\\Illuminate\\View\\Concerns\\ManagesComponents.php(100): Illuminate\\View\\View->render()
#39 C:\\wamp64\\www\\nammav2appweb-3\\resources\\views/pushnotification/index.blade.php(97): Illuminate\\View\\Factory->renderComponent()
#40 C:\\wamp64\\www\\nammav2appweb-3\\vendor\\laravel\\framework\\src\\Illuminate\\Filesystem\\Filesystem.php(107): require('C:\\\\wamp64\\\\www\\\\n...')
#41 C:\\wamp64\\www\\nammav2appweb-3\\vendor\\laravel\\framework\\src\\Illuminate\\Filesystem\\Filesystem.php(108): Illuminate\\Filesystem\\Filesystem::Illuminate\\Filesystem\\{closure}()
#42 C:\\wamp64\\www\\nammav2appweb-3\\vendor\\laravel\\framework\\src\\Illuminate\\View\\Engines\\PhpEngine.php(58): Illuminate\\Filesystem\\Filesystem->getRequire('C:\\\\wamp64\\\\www\\\\n...', Array)
#43 C:\\wamp64\\www\\nammav2appweb-3\\vendor\\laravel\\framework\\src\\Illuminate\\View\\Engines\\CompilerEngine.php(61): Illuminate\\View\\Engines\\PhpEngine->evaluatePath('C:\\\\wamp64\\\\www\\\\n...', Array)
#44 C:\\wamp64\\www\\nammav2appweb-3\\vendor\\facade\\ignition\\src\\Views\\Engines\\CompilerEngine.php(37): Illuminate\\View\\Engines\\CompilerEngine->get('C:\\\\wamp64\\\\www\\\\n...', Array)
#45 C:\\wamp64\\www\\nammav2appweb-3\\vendor\\laravel\\framework\\src\\Illuminate\\View\\View.php(139): Facade\\Ignition\\Views\\Engines\\CompilerEngine->get('C:\\\\wamp64\\\\www\\\\n...', Array)
#46 C:\\wamp64\\www\\nammav2appweb-3\\vendor\\laravel\\framework\\src\\Illuminate\\View\\View.php(122): Illuminate\\View\\View->getContents()
#47 C:\\wamp64\\www\\nammav2appweb-3\\vendor\\laravel\\framework\\src\\Illuminate\\View\\View.php(91): Illuminate\\View\\View->renderContents()
#48 C:\\wamp64\\www\\nammav2appweb-3\\vendor\\laravel\\framework\\src\\Illuminate\\Http\\Response.php(69): Illuminate\\View\\View->render()
#49 C:\\wamp64\\www\\nammav2appweb-3\\vendor\\laravel\\framework\\src\\Illuminate\\Http\\Response.php(35): Illuminate\\Http\\Response->setContent(Object(Illuminate\\View\\View))
#50 C:\\wamp64\\www\\nammav2appweb-3\\vendor\\laravel\\framework\\src\\Illuminate\\Routing\\Router.php(820): Illuminate\\Http\\Response->__construct(Object(Illuminate\\View\\View), 200, Array)
#51 C:\\wamp64\\www\\nammav2appweb-3\\vendor\\laravel\\framework\\src\\Illuminate\\Routing\\Router.php(789): Illuminate\\Routing\\Router::toResponse(Object(Illuminate\\Http\\Request), Object(Illuminate\\View\\View))
#52 C:\\wamp64\\www\\nammav2appweb-3\\vendor\\laravel\\framework\\src\\Illuminate\\Routing\\Router.php(721): Illuminate\\Routing\\Router->prepareResponse(Object(Illuminate\\Http\\Request), Object(Illuminate\\View\\View))
#53 C:\\wamp64\\www\\nammav2appweb-3\\vendor\\laravel\\framework\\src\\Illuminate\\Pipeline\\Pipeline.php(128): Illuminate\\Routing\\Router->Illuminate\\Routing\\{closure}(Object(Illuminate\\Http\\Request))
#54 C:\\wamp64\\www\\nammav2appweb-3\\vendor\\laravel\\framework\\src\\Illuminate\\Auth\\Middleware\\EnsureEmailIsVerified.php(30): Illuminate\\Pipeline\\Pipeline->Illuminate\\Pipeline\\{closure}(Object(Illuminate\\Http\\Request))
#55 C:\\wamp64\\www\\nammav2appweb-3\\vendor\\laravel\\framework\\src\\Illuminate\\Pipeline\\Pipeline.php(167): Illuminate\\Auth\\Middleware\\EnsureEmailIsVerified->handle(Object(Illuminate\\Http\\Request), Object(Closure))
#56 C:\\wamp64\\www\\nammav2appweb-3\\app\\Http\\Middleware\\LanguageTranslator.php(13): Illuminate\\Pipeline\\Pipeline->Illuminate\\Pipeline\\{closure}(Object(Illuminate\\Http\\Request))
#57 C:\\wamp64\\www\\nammav2appweb-3\\vendor\\laravel\\framework\\src\\Illuminate\\Pipeline\\Pipeline.php(167): App\\Http\\Middleware\\LanguageTranslator->handle(Object(Illuminate\\Http\\Request), Object(Closure))
#58 C:\\wamp64\\www\\nammav2appweb-3\\vendor\\laravel\\framework\\src\\Illuminate\\Routing\\Middleware\\SubstituteBindings.php(50): Illuminate\\Pipeline\\Pipeline->Illuminate\\Pipeline\\{closure}(Object(Illuminate\\Http\\Request))
#59 C:\\wamp64\\www\\nammav2appweb-3\\vendor\\laravel\\framework\\src\\Illuminate\\Pipeline\\Pipeline.php(167): Illuminate\\Routing\\Middleware\\SubstituteBindings->handle(Object(Illuminate\\Http\\Request), Object(Closure))
#60 C:\\wamp64\\www\\nammav2appweb-3\\vendor\\laravel\\framework\\src\\Illuminate\\Auth\\Middleware\\Authenticate.php(44): Illuminate\\Pipeline\\Pipeline->Illuminate\\Pipeline\\{closure}(Object(Illuminate\\Http\\Request))
#61 C:\\wamp64\\www\\nammav2appweb-3\\vendor\\laravel\\framework\\src\\Illuminate\\Pipeline\\Pipeline.php(167): Illuminate\\Auth\\Middleware\\Authenticate->handle(Object(Illuminate\\Http\\Request), Object(Closure))
#62 C:\\wamp64\\www\\nammav2appweb-3\\vendor\\laravel\\framework\\src\\Illuminate\\Foundation\\Http\\Middleware\\VerifyCsrfToken.php(78): Illuminate\\Pipeline\\Pipeline->Illuminate\\Pipeline\\{closure}(Object(Illuminate\\Http\\Request))
#63 C:\\wamp64\\www\\nammav2appweb-3\\vendor\\laravel\\framework\\src\\Illuminate\\Pipeline\\Pipeline.php(167): Illuminate\\Foundation\\Http\\Middleware\\VerifyCsrfToken->handle(Object(Illuminate\\Http\\Request), Object(Closure))
#64 C:\\wamp64\\www\\nammav2appweb-3\\vendor\\laravel\\framework\\src\\Illuminate\\View\\Middleware\\ShareErrorsFromSession.php(49): Illuminate\\Pipeline\\Pipeline->Illuminate\\Pipeline\\{closure}(Object(Illuminate\\Http\\Request))
#65 C:\\wamp64\\www\\nammav2appweb-3\\vendor\\laravel\\framework\\src\\Illuminate\\Pipeline\\Pipeline.php(167): Illuminate\\View\\Middleware\\ShareErrorsFromSession->handle(Object(Illuminate\\Http\\Request), Object(Closure))
#66 C:\\wamp64\\www\\nammav2appweb-3\\vendor\\laravel\\framework\\src\\Illuminate\\Session\\Middleware\\StartSession.php(121): Illuminate\\Pipeline\\Pipeline->Illuminate\\Pipeline\\{closure}(Object(Illuminate\\Http\\Request))
#67 C:\\wamp64\\www\\nammav2appweb-3\\vendor\\laravel\\framework\\src\\Illuminate\\Session\\Middleware\\StartSession.php(64): Illuminate\\Session\\Middleware\\StartSession->handleStatefulRequest(Object(Illuminate\\Http\\Request), Object(Illuminate\\Session\\Store), Object(Closure))
#68 C:\\wamp64\\www\\nammav2appweb-3\\vendor\\laravel\\framework\\src\\Illuminate\\Pipeline\\Pipeline.php(167): Illuminate\\Session\\Middleware\\StartSession->handle(Object(Illuminate\\Http\\Request), Object(Closure))
#69 C:\\wamp64\\www\\nammav2appweb-3\\vendor\\laravel\\framework\\src\\Illuminate\\Cookie\\Middleware\\AddQueuedCookiesToResponse.php(37): Illuminate\\Pipeline\\Pipeline->Illuminate\\Pipeline\\{closure}(Object(Illuminate\\Http\\Request))
#70 C:\\wamp64\\www\\nammav2appweb-3\\vendor\\laravel\\framework\\src\\Illuminate\\Pipeline\\Pipeline.php(167): Illuminate\\Cookie\\Middleware\\AddQueuedCookiesToResponse->handle(Object(Illuminate\\Http\\Request), Object(Closure))
#71 C:\\wamp64\\www\\nammav2appweb-3\\vendor\\laravel\\framework\\src\\Illuminate\\Cookie\\Middleware\\EncryptCookies.php(67): Illuminate\\Pipeline\\Pipeline->Illuminate\\Pipeline\\{closure}(Object(Illuminate\\Http\\Request))
#72 C:\\wamp64\\www\\nammav2appweb-3\\vendor\\laravel\\framework\\src\\Illuminate\\Pipeline\\Pipeline.php(167): Illuminate\\Cookie\\Middleware\\EncryptCookies->handle(Object(Illuminate\\Http\\Request), Object(Closure))
#73 C:\\wamp64\\www\\nammav2appweb-3\\vendor\\laravel\\framework\\src\\Illuminate\\Pipeline\\Pipeline.php(103): Illuminate\\Pipeline\\Pipeline->Illuminate\\Pipeline\\{closure}(Object(Illuminate\\Http\\Request))
#74 C:\\wamp64\\www\\nammav2appweb-3\\vendor\\laravel\\framework\\src\\Illuminate\\Routing\\Router.php(723): Illuminate\\Pipeline\\Pipeline->then(Object(Closure))
#75 C:\\wamp64\\www\\nammav2appweb-3\\vendor\\laravel\\framework\\src\\Illuminate\\Routing\\Router.php(698): Illuminate\\Routing\\Router->runRouteWithinStack(Object(Illuminate\\Routing\\Route), Object(Illuminate\\Http\\Request))
#76 C:\\wamp64\\www\\nammav2appweb-3\\vendor\\laravel\\framework\\src\\Illuminate\\Routing\\Router.php(662): Illuminate\\Routing\\Router->runRoute(Object(Illuminate\\Http\\Request), Object(Illuminate\\Routing\\Route))
#77 C:\\wamp64\\www\\nammav2appweb-3\\vendor\\laravel\\framework\\src\\Illuminate\\Routing\\Router.php(651): Illuminate\\Routing\\Router->dispatchToRoute(Object(Illuminate\\Http\\Request))
#78 C:\\wamp64\\www\\nammav2appweb-3\\vendor\\laravel\\framework\\src\\Illuminate\\Foundation\\Http\\Kernel.php(167): Illuminate\\Routing\\Router->dispatch(Object(Illuminate\\Http\\Request))
#79 C:\\wamp64\\www\\nammav2appweb-3\\vendor\\laravel\\framework\\src\\Illuminate\\Pipeline\\Pipeline.php(128): Illuminate\\Foundation\\Http\\Kernel->Illuminate\\Foundation\\Http\\{closure}(Object(Illuminate\\Http\\Request))
#80 C:\\wamp64\\www\\nammav2appweb-3\\vendor\\laravel\\framework\\src\\Illuminate\\Foundation\\Http\\Middleware\\TransformsRequest.php(21): Illuminate\\Pipeline\\Pipeline->Illuminate\\Pipeline\\{closure}(Object(Illuminate\\Http\\Request))
#81 C:\\wamp64\\www\\nammav2appweb-3\\vendor\\laravel\\framework\\src\\Illuminate\\Foundation\\Http\\Middleware\\ConvertEmptyStringsToNull.php(31): Illuminate\\Foundation\\Http\\Middleware\\TransformsRequest->handle(Object(Illuminate\\Http\\Request), Object(Closure))
#82 C:\\wamp64\\www\\nammav2appweb-3\\vendor\\laravel\\framework\\src\\Illuminate\\Pipeline\\Pipeline.php(167): Illuminate\\Foundation\\Http\\Middleware\\ConvertEmptyStringsToNull->handle(Object(Illuminate\\Http\\Request), Object(Closure))
#83 C:\\wamp64\\www\\nammav2appweb-3\\vendor\\laravel\\framework\\src\\Illuminate\\Foundation\\Http\\Middleware\\TransformsRequest.php(21): Illuminate\\Pipeline\\Pipeline->Illuminate\\Pipeline\\{closure}(Object(Illuminate\\Http\\Request))
#84 C:\\wamp64\\www\\nammav2appweb-3\\vendor\\laravel\\framework\\src\\Illuminate\\Foundation\\Http\\Middleware\\TrimStrings.php(40): Illuminate\\Foundation\\Http\\Middleware\\TransformsRequest->handle(Object(Illuminate\\Http\\Request), Object(Closure))
#85 C:\\wamp64\\www\\nammav2appweb-3\\vendor\\laravel\\framework\\src\\Illuminate\\Pipeline\\Pipeline.php(167): Illuminate\\Foundation\\Http\\Middleware\\TrimStrings->handle(Object(Illuminate\\Http\\Request), Object(Closure))
#86 C:\\wamp64\\www\\nammav2appweb-3\\vendor\\laravel\\framework\\src\\Illuminate\\Foundation\\Http\\Middleware\\ValidatePostSize.php(27): Illuminate\\Pipeline\\Pipeline->Illuminate\\Pipeline\\{closure}(Object(Illuminate\\Http\\Request))
#87 C:\\wamp64\\www\\nammav2appweb-3\\vendor\\laravel\\framework\\src\\Illuminate\\Pipeline\\Pipeline.php(167): Illuminate\\Foundation\\Http\\Middleware\\ValidatePostSize->handle(Object(Illuminate\\Http\\Request), Object(Closure))
#88 C:\\wamp64\\www\\nammav2appweb-3\\vendor\\laravel\\framework\\src\\Illuminate\\Foundation\\Http\\Middleware\\PreventRequestsDuringMaintenance.php(86): Illuminate\\Pipeline\\Pipeline->Illuminate\\Pipeline\\{closure}(Object(Illuminate\\Http\\Request))
#89 C:\\wamp64\\www\\nammav2appweb-3\\vendor\\laravel\\framework\\src\\Illuminate\\Pipeline\\Pipeline.php(167): Illuminate\\Foundation\\Http\\Middleware\\PreventRequestsDuringMaintenance->handle(Object(Illuminate\\Http\\Request), Object(Closure))
#90 C:\\wamp64\\www\\nammav2appweb-3\\vendor\\fruitcake\\laravel-cors\\src\\HandleCors.php(38): Illuminate\\Pipeline\\Pipeline->Illuminate\\Pipeline\\{closure}(Object(Illuminate\\Http\\Request))
#91 C:\\wamp64\\www\\nammav2appweb-3\\vendor\\laravel\\framework\\src\\Illuminate\\Pipeline\\Pipeline.php(167): Fruitcake\\Cors\\HandleCors->handle(Object(Illuminate\\Http\\Request), Object(Closure))
#92 C:\\wamp64\\www\\nammav2appweb-3\\vendor\\fideloper\\proxy\\src\\TrustProxies.php(57): Illuminate\\Pipeline\\Pipeline->Illuminate\\Pipeline\\{closure}(Object(Illuminate\\Http\\Request))
#93 C:\\wamp64\\www\\nammav2appweb-3\\vendor\\laravel\\framework\\src\\Illuminate\\Pipeline\\Pipeline.php(167): Fideloper\\Proxy\\TrustProxies->handle(Object(Illuminate\\Http\\Request), Object(Closure))
#94 C:\\wamp64\\www\\nammav2appweb-3\\vendor\\laravel\\framework\\src\\Illuminate\\Pipeline\\Pipeline.php(103): Illuminate\\Pipeline\\Pipeline->Illuminate\\Pipeline\\{closure}(Object(Illuminate\\Http\\Request))
#95 C:\\wamp64\\www\\nammav2appweb-3\\vendor\\laravel\\framework\\src\\Illuminate\\Foundation\\Http\\Kernel.php(142): Illuminate\\Pipeline\\Pipeline->then(Object(Closure))
#96 C:\\wamp64\\www\\nammav2appweb-3\\vendor\\laravel\\framework\\src\\Illuminate\\Foundation\\Http\\Kernel.php(111): Illuminate\\Foundation\\Http\\Kernel->sendRequestThroughRouter(Object(Illuminate\\Http\\Request))
#97 C:\\wamp64\\www\\nammav2appweb-3\\public\\index.php(52): Illuminate\\Foundation\\Http\\Kernel->handle(Object(Illuminate\\Http\\Request))
#98 C:\\wamp64\\www\\nammav2appweb-3\\server.php(21): require_once('C:\\\\wamp64\\\\www\\\\n...')
#99 {main}

[previous exception] [object] (Symfony\\Component\\Routing\\Exception\\RouteNotFoundException(code: 0): Route [sms-send] not defined. at C:\\wamp64\\www\\nammav2appweb-3\\vendor\\laravel\\framework\\src\\Illuminate\\Routing\\UrlGenerator.php:444)
[stacktrace]
#0 C:\\wamp64\\www\\nammav2appweb-3\\vendor\\laravel\\framework\\src\\Illuminate\\Support\\Facades\\Facade.php(261): Illuminate\\Routing\\UrlGenerator->route('sms-send')
#1 C:\\wamp64\\www\\nammav2appweb-3\\vendor\\lavary\\laravel-menu\\src\\Lavary\\Menu\\Builder.php(415): Illuminate\\Support\\Facades\\Facade::__callStatic('route', Array)
#2 C:\\wamp64\\www\\nammav2appweb-3\\vendor\\lavary\\laravel-menu\\src\\Lavary\\Menu\\Builder.php(344): Lavary\\Menu\\Builder->getRoute('sms-send')
#3 C:\\wamp64\\www\\nammav2appweb-3\\vendor\\lavary\\laravel-menu\\src\\Lavary\\Menu\\Item.php(255): Lavary\\Menu\\Builder->dispatch(Array)
#4 C:\\wamp64\\www\\nammav2appweb-3\\vendor\\lavary\\laravel-menu\\src\\Lavary\\Menu\\Item.php(384): Lavary\\Menu\\Item->url()
#5 C:\\wamp64\\www\\nammav2appweb-3\\vendor\\lavary\\laravel-menu\\src\\Lavary\\Menu\\Item.php(148): Lavary\\Menu\\Item->checkActivationStatus()
#6 C:\\wamp64\\www\\nammav2appweb-3\\vendor\\lavary\\laravel-menu\\src\\Lavary\\Menu\\Builder.php(70): Lavary\\Menu\\Item->__construct(Object(Lavary\\Menu\\Builder), 'id-64c13fe39052...', '<span>sms sent<...', Array)
#7 C:\\wamp64\\www\\nammav2appweb-3\\storage\\framework\\views\\02876873243510a6a6c7977048d32db75d6f27ec.php(15): Lavary\\Menu\\Builder->add('<span>sms sent<...', Array)
#8 [internal function]: Illuminate\\Filesystem\\Filesystem::{closure}(Object(Lavary\\Menu\\Builder))
#9 C:\\wamp64\\www\\nammav2appweb-3\\vendor\\lavary\\laravel-menu\\src\\Lavary\\Menu\\Menu.php(81): call_user_func(Object(Closure), Object(Lavary\\Menu\\Builder))
#10 C:\\wamp64\\www\\nammav2appweb-3\\vendor\\laravel\\framework\\src\\Illuminate\\Support\\Facades\\Facade.php(261): Lavary\\Menu\\Menu->make('MenuList', Object(Closure))
#11 C:\\wamp64\\www\\nammav2appweb-3\\storage\\framework\\views\\02876873243510a6a6c7977048d32db75d6f27ec.php(609): Illuminate\\Support\\Facades\\Facade::__callStatic('make', Array)
#12 C:\\wamp64\\www\\nammav2appweb-3\\vendor\\laravel\\framework\\src\\Illuminate\\Filesystem\\Filesystem.php(107): require('C:\\\\wamp64\\\\www\\\\n...')
#13 C:\\wamp64\\www\\nammav2appweb-3\\vendor\\laravel\\framework\\src\\Illuminate\\Filesystem\\Filesystem.php(108): Illuminate\\Filesystem\\Filesystem::Illuminate\\Filesystem\\{closure}()
#14 C:\\wamp64\\www\\nammav2appweb-3\\vendor\\laravel\\framework\\src\\Illuminate\\View\\Engines\\PhpEngine.php(58): Illuminate\\Filesystem\\Filesystem->getRequire('C:\\\\wamp64\\\\www\\\\n...', Array)
#15 C:\\wamp64\\www\\nammav2appweb-3\\vendor\\laravel\\framework\\src\\Illuminate\\View\\Engines\\CompilerEngine.php(61): Illuminate\\View\\Engines\\PhpEngine->evaluatePath('C:\\\\wamp64\\\\www\\\\n...', Array)
#16 C:\\wamp64\\www\\nammav2appweb-3\\vendor\\facade\\ignition\\src\\Views\\Engines\\CompilerEngine.php(37): Illuminate\\View\\Engines\\CompilerEngine->get('C:\\\\wamp64\\\\www\\\\n...', Array)
#17 C:\\wamp64\\www\\nammav2appweb-3\\vendor\\laravel\\framework\\src\\Illuminate\\View\\View.php(139): Facade\\Ignition\\Views\\Engines\\CompilerEngine->get('C:\\\\wamp64\\\\www\\\\n...', Array)
#18 C:\\wamp64\\www\\nammav2appweb-3\\vendor\\laravel\\framework\\src\\Illuminate\\View\\View.php(122): Illuminate\\View\\View->getContents()
#19 C:\\wamp64\\www\\nammav2appweb-3\\vendor\\laravel\\framework\\src\\Illuminate\\View\\View.php(91): Illuminate\\View\\View->renderContents()
#20 C:\\wamp64\\www\\nammav2appweb-3\\storage\\framework\\views\\d31082b8690a6c177ada6516bb4f513a2df12179.php(6): Illuminate\\View\\View->render()
#21 C:\\wamp64\\www\\nammav2appweb-3\\vendor\\laravel\\framework\\src\\Illuminate\\Filesystem\\Filesystem.php(107): require('C:\\\\wamp64\\\\www\\\\n...')
#22 C:\\wamp64\\www\\nammav2appweb-3\\vendor\\laravel\\framework\\src\\Illuminate\\Filesystem\\Filesystem.php(108): Illuminate\\Filesystem\\Filesystem::Illuminate\\Filesystem\\{closure}()
#23 C:\\wamp64\\www\\nammav2appweb-3\\vendor\\laravel\\framework\\src\\Illuminate\\View\\Engines\\PhpEngine.php(58): Illuminate\\Filesystem\\Filesystem->getRequire('C:\\\\wamp64\\\\www\\\\n...', Array)
#24 C:\\wamp64\\www\\nammav2appweb-3\\vendor\\laravel\\framework\\src\\Illuminate\\View\\Engines\\CompilerEngine.php(61): Illuminate\\View\\Engines\\PhpEngine->evaluatePath('C:\\\\wamp64\\\\www\\\\n...', Array)
#25 C:\\wamp64\\www\\nammav2appweb-3\\vendor\\facade\\ignition\\src\\Views\\Engines\\CompilerEngine.php(37): Illuminate\\View\\Engines\\CompilerEngine->get('C:\\\\wamp64\\\\www\\\\n...', Array)
#26 C:\\wamp64\\www\\nammav2appweb-3\\vendor\\laravel\\framework\\src\\Illuminate\\View\\View.php(139): Facade\\Ignition\\Views\\Engines\\CompilerEngine->get('C:\\\\wamp64\\\\www\\\\n...', Array)
#27 C:\\wamp64\\www\\nammav2appweb-3\\vendor\\laravel\\framework\\src\\Illuminate\\View\\View.php(122): Illuminate\\View\\View->getContents()
#28 C:\\wamp64\\www\\nammav2appweb-3\\vendor\\laravel\\framework\\src\\Illuminate\\View\\View.php(91): Illuminate\\View\\View->renderContents()
#29 C:\\wamp64\\www\\nammav2appweb-3\\storage\\framework\\views\\9fcab43bcad8da8940537d60d32ca1bc4ee71fcb.php(13): Illuminate\\View\\View->render()
#30 C:\\wamp64\\www\\nammav2appweb-3\\vendor\\laravel\\framework\\src\\Illuminate\\Filesystem\\Filesystem.php(107): require('C:\\\\wamp64\\\\www\\\\n...')
#31 C:\\wamp64\\www\\nammav2appweb-3\\vendor\\laravel\\framework\\src\\Illuminate\\Filesystem\\Filesystem.php(108): Illuminate\\Filesystem\\Filesystem::Illuminate\\Filesystem\\{closure}()
#32 C:\\wamp64\\www\\nammav2appweb-3\\vendor\\laravel\\framework\\src\\Illuminate\\View\\Engines\\PhpEngine.php(58): Illuminate\\Filesystem\\Filesystem->getRequire('C:\\\\wamp64\\\\www\\\\n...', Array)
#33 C:\\wamp64\\www\\nammav2appweb-3\\vendor\\laravel\\framework\\src\\Illuminate\\View\\Engines\\CompilerEngine.php(61): Illuminate\\View\\Engines\\PhpEngine->evaluatePath('C:\\\\wamp64\\\\www\\\\n...', Array)
#34 C:\\wamp64\\www\\nammav2appweb-3\\vendor\\facade\\ignition\\src\\Views\\Engines\\CompilerEngine.php(37): Illuminate\\View\\Engines\\CompilerEngine->get('C:\\\\wamp64\\\\www\\\\n...', Array)
#35 C:\\wamp64\\www\\nammav2appweb-3\\vendor\\laravel\\framework\\src\\Illuminate\\View\\View.php(139): Facade\\Ignition\\Views\\Engines\\CompilerEngine->get('C:\\\\wamp64\\\\www\\\\n...', Array)
#36 C:\\wamp64\\www\\nammav2appweb-3\\vendor\\laravel\\framework\\src\\Illuminate\\View\\View.php(122): Illuminate\\View\\View->getContents()
#37 C:\\wamp64\\www\\nammav2appweb-3\\vendor\\laravel\\framework\\src\\Illuminate\\View\\View.php(91): Illuminate\\View\\View->renderContents()
#38 C:\\wamp64\\www\\nammav2appweb-3\\vendor\\laravel\\framework\\src\\Illuminate\\View\\Concerns\\ManagesComponents.php(100): Illuminate\\View\\View->render()
#39 C:\\wamp64\\www\\nammav2appweb-3\\storage\\framework\\views\\8349a6198ad25769176974d31f0d1140df64689d.php(97): Illuminate\\View\\Factory->renderComponent()
#40 C:\\wamp64\\www\\nammav2appweb-3\\vendor\\laravel\\framework\\src\\Illuminate\\Filesystem\\Filesystem.php(107): require('C:\\\\wamp64\\\\www\\\\n...')
#41 C:\\wamp64\\www\\nammav2appweb-3\\vendor\\laravel\\framework\\src\\Illuminate\\Filesystem\\Filesystem.php(108): Illuminate\\Filesystem\\Filesystem::Illuminate\\Filesystem\\{closure}()
#42 C:\\wamp64\\www\\nammav2appweb-3\\vendor\\laravel\\framework\\src\\Illuminate\\View\\Engines\\PhpEngine.php(58): Illuminate\\Filesystem\\Filesystem->getRequire('C:\\\\wamp64\\\\www\\\\n...', Array)
#43 C:\\wamp64\\www\\nammav2appweb-3\\vendor\\laravel\\framework\\src\\Illuminate\\View\\Engines\\CompilerEngine.php(61): Illuminate\\View\\Engines\\PhpEngine->evaluatePath('C:\\\\wamp64\\\\www\\\\n...', Array)
#44 C:\\wamp64\\www\\nammav2appweb-3\\vendor\\facade\\ignition\\src\\Views\\Engines\\CompilerEngine.php(37): Illuminate\\View\\Engines\\CompilerEngine->get('C:\\\\wamp64\\\\www\\\\n...', Array)
#45 C:\\wamp64\\www\\nammav2appweb-3\\vendor\\laravel\\framework\\src\\Illuminate\\View\\View.php(139): Facade\\Ignition\\Views\\Engines\\CompilerEngine->get('C:\\\\wamp64\\\\www\\\\n...', Array)
#46 C:\\wamp64\\www\\nammav2appweb-3\\vendor\\laravel\\framework\\src\\Illuminate\\View\\View.php(122): Illuminate\\View\\View->getContents()
#47 C:\\wamp64\\www\\nammav2appweb-3\\vendor\\laravel\\framework\\src\\Illuminate\\View\\View.php(91): Illuminate\\View\\View->renderContents()
#48 C:\\wamp64\\www\\nammav2appweb-3\\vendor\\laravel\\framework\\src\\Illuminate\\Http\\Response.php(69): Illuminate\\View\\View->render()
#49 C:\\wamp64\\www\\nammav2appweb-3\\vendor\\laravel\\framework\\src\\Illuminate\\Http\\Response.php(35): Illuminate\\Http\\Response->setContent(Object(Illuminate\\View\\View))
#50 C:\\wamp64\\www\\nammav2appweb-3\\vendor\\laravel\\framework\\src\\Illuminate\\Routing\\Router.php(820): Illuminate\\Http\\Response->__construct(Object(Illuminate\\View\\View), 200, Array)
#51 C:\\wamp64\\www\\nammav2appweb-3\\vendor\\laravel\\framework\\src\\Illuminate\\Routing\\Router.php(789): Illuminate\\Routing\\Router::toResponse(Object(Illuminate\\Http\\Request), Object(Illuminate\\View\\View))
#52 C:\\wamp64\\www\\nammav2appweb-3\\vendor\\laravel\\framework\\src\\Illuminate\\Routing\\Router.php(721): Illuminate\\Routing\\Router->prepareResponse(Object(Illuminate\\Http\\Request), Object(Illuminate\\View\\View))
#53 C:\\wamp64\\www\\nammav2appweb-3\\vendor\\laravel\\framework\\src\\Illuminate\\Pipeline\\Pipeline.php(128): Illuminate\\Routing\\Router->Illuminate\\Routing\\{closure}(Object(Illuminate\\Http\\Request))
#54 C:\\wamp64\\www\\nammav2appweb-3\\vendor\\laravel\\framework\\src\\Illuminate\\Auth\\Middleware\\EnsureEmailIsVerified.php(30): Illuminate\\Pipeline\\Pipeline->Illuminate\\Pipeline\\{closure}(Object(Illuminate\\Http\\Request))
#55 C:\\wamp64\\www\\nammav2appweb-3\\vendor\\laravel\\framework\\src\\Illuminate\\Pipeline\\Pipeline.php(167): Illuminate\\Auth\\Middleware\\EnsureEmailIsVerified->handle(Object(Illuminate\\Http\\Request), Object(Closure))
#56 C:\\wamp64\\www\\nammav2appweb-3\\app\\Http\\Middleware\\LanguageTranslator.php(13): Illuminate\\Pipeline\\Pipeline->Illuminate\\Pipeline\\{closure}(Object(Illuminate\\Http\\Request))
#57 C:\\wamp64\\www\\nammav2appweb-3\\vendor\\laravel\\framework\\src\\Illuminate\\Pipeline\\Pipeline.php(167): App\\Http\\Middleware\\LanguageTranslator->handle(Object(Illuminate\\Http\\Request), Object(Closure))
#58 C:\\wamp64\\www\\nammav2appweb-3\\vendor\\laravel\\framework\\src\\Illuminate\\Routing\\Middleware\\SubstituteBindings.php(50): Illuminate\\Pipeline\\Pipeline->Illuminate\\Pipeline\\{closure}(Object(Illuminate\\Http\\Request))
#59 C:\\wamp64\\www\\nammav2appweb-3\\vendor\\laravel\\framework\\src\\Illuminate\\Pipeline\\Pipeline.php(167): Illuminate\\Routing\\Middleware\\SubstituteBindings->handle(Object(Illuminate\\Http\\Request), Object(Closure))
#60 C:\\wamp64\\www\\nammav2appweb-3\\vendor\\laravel\\framework\\src\\Illuminate\\Auth\\Middleware\\Authenticate.php(44): Illuminate\\Pipeline\\Pipeline->Illuminate\\Pipeline\\{closure}(Object(Illuminate\\Http\\Request))
#61 C:\\wamp64\\www\\nammav2appweb-3\\vendor\\laravel\\framework\\src\\Illuminate\\Pipeline\\Pipeline.php(167): Illuminate\\Auth\\Middleware\\Authenticate->handle(Object(Illuminate\\Http\\Request), Object(Closure))
#62 C:\\wamp64\\www\\nammav2appweb-3\\vendor\\laravel\\framework\\src\\Illuminate\\Foundation\\Http\\Middleware\\VerifyCsrfToken.php(78): Illuminate\\Pipeline\\Pipeline->Illuminate\\Pipeline\\{closure}(Object(Illuminate\\Http\\Request))
#63 C:\\wamp64\\www\\nammav2appweb-3\\vendor\\laravel\\framework\\src\\Illuminate\\Pipeline\\Pipeline.php(167): Illuminate\\Foundation\\Http\\Middleware\\VerifyCsrfToken->handle(Object(Illuminate\\Http\\Request), Object(Closure))
#64 C:\\wamp64\\www\\nammav2appweb-3\\vendor\\laravel\\framework\\src\\Illuminate\\View\\Middleware\\ShareErrorsFromSession.php(49): Illuminate\\Pipeline\\Pipeline->Illuminate\\Pipeline\\{closure}(Object(Illuminate\\Http\\Request))
#65 C:\\wamp64\\www\\nammav2appweb-3\\vendor\\laravel\\framework\\src\\Illuminate\\Pipeline\\Pipeline.php(167): Illuminate\\View\\Middleware\\ShareErrorsFromSession->handle(Object(Illuminate\\Http\\Request), Object(Closure))
#66 C:\\wamp64\\www\\nammav2appweb-3\\vendor\\laravel\\framework\\src\\Illuminate\\Session\\Middleware\\StartSession.php(121): Illuminate\\Pipeline\\Pipeline->Illuminate\\Pipeline\\{closure}(Object(Illuminate\\Http\\Request))
#67 C:\\wamp64\\www\\nammav2appweb-3\\vendor\\laravel\\framework\\src\\Illuminate\\Session\\Middleware\\StartSession.php(64): Illuminate\\Session\\Middleware\\StartSession->handleStatefulRequest(Object(Illuminate\\Http\\Request), Object(Illuminate\\Session\\Store), Object(Closure))
#68 C:\\wamp64\\www\\nammav2appweb-3\\vendor\\laravel\\framework\\src\\Illuminate\\Pipeline\\Pipeline.php(167): Illuminate\\Session\\Middleware\\StartSession->handle(Object(Illuminate\\Http\\Request), Object(Closure))
#69 C:\\wamp64\\www\\nammav2appweb-3\\vendor\\laravel\\framework\\src\\Illuminate\\Cookie\\Middleware\\AddQueuedCookiesToResponse.php(37): Illuminate\\Pipeline\\Pipeline->Illuminate\\Pipeline\\{closure}(Object(Illuminate\\Http\\Request))
#70 C:\\wamp64\\www\\nammav2appweb-3\\vendor\\laravel\\framework\\src\\Illuminate\\Pipeline\\Pipeline.php(167): Illuminate\\Cookie\\Middleware\\AddQueuedCookiesToResponse->handle(Object(Illuminate\\Http\\Request), Object(Closure))
#71 C:\\wamp64\\www\\nammav2appweb-3\\vendor\\laravel\\framework\\src\\Illuminate\\Cookie\\Middleware\\EncryptCookies.php(67): Illuminate\\Pipeline\\Pipeline->Illuminate\\Pipeline\\{closure}(Object(Illuminate\\Http\\Request))
#72 C:\\wamp64\\www\\nammav2appweb-3\\vendor\\laravel\\framework\\src\\Illuminate\\Pipeline\\Pipeline.php(167): Illuminate\\Cookie\\Middleware\\EncryptCookies->handle(Object(Illuminate\\Http\\Request), Object(Closure))
#73 C:\\wamp64\\www\\nammav2appweb-3\\vendor\\laravel\\framework\\src\\Illuminate\\Pipeline\\Pipeline.php(103): Illuminate\\Pipeline\\Pipeline->Illuminate\\Pipeline\\{closure}(Object(Illuminate\\Http\\Request))
#74 C:\\wamp64\\www\\nammav2appweb-3\\vendor\\laravel\\framework\\src\\Illuminate\\Routing\\Router.php(723): Illuminate\\Pipeline\\Pipeline->then(Object(Closure))
#75 C:\\wamp64\\www\\nammav2appweb-3\\vendor\\laravel\\framework\\src\\Illuminate\\Routing\\Router.php(698): Illuminate\\Routing\\Router->runRouteWithinStack(Object(Illuminate\\Routing\\Route), Object(Illuminate\\Http\\Request))
#76 C:\\wamp64\\www\\nammav2appweb-3\\vendor\\laravel\\framework\\src\\Illuminate\\Routing\\Router.php(662): Illuminate\\Routing\\Router->runRoute(Object(Illuminate\\Http\\Request), Object(Illuminate\\Routing\\Route))
#77 C:\\wamp64\\www\\nammav2appweb-3\\vendor\\laravel\\framework\\src\\Illuminate\\Routing\\Router.php(651): Illuminate\\Routing\\Router->dispatchToRoute(Object(Illuminate\\Http\\Request))
#78 C:\\wamp64\\www\\nammav2appweb-3\\vendor\\laravel\\framework\\src\\Illuminate\\Foundation\\Http\\Kernel.php(167): Illuminate\\Routing\\Router->dispatch(Object(Illuminate\\Http\\Request))
#79 C:\\wamp64\\www\\nammav2appweb-3\\vendor\\laravel\\framework\\src\\Illuminate\\Pipeline\\Pipeline.php(128): Illuminate\\Foundation\\Http\\Kernel->Illuminate\\Foundation\\Http\\{closure}(Object(Illuminate\\Http\\Request))
#80 C:\\wamp64\\www\\nammav2appweb-3\\vendor\\laravel\\framework\\src\\Illuminate\\Foundation\\Http\\Middleware\\TransformsRequest.php(21): Illuminate\\Pipeline\\Pipeline->Illuminate\\Pipeline\\{closure}(Object(Illuminate\\Http\\Request))
#81 C:\\wamp64\\www\\nammav2appweb-3\\vendor\\laravel\\framework\\src\\Illuminate\\Foundation\\Http\\Middleware\\ConvertEmptyStringsToNull.php(31): Illuminate\\Foundation\\Http\\Middleware\\TransformsRequest->handle(Object(Illuminate\\Http\\Request), Object(Closure))
#82 C:\\wamp64\\www\\nammav2appweb-3\\vendor\\laravel\\framework\\src\\Illuminate\\Pipeline\\Pipeline.php(167): Illuminate\\Foundation\\Http\\Middleware\\ConvertEmptyStringsToNull->handle(Object(Illuminate\\Http\\Request), Object(Closure))
#83 C:\\wamp64\\www\\nammav2appweb-3\\vendor\\laravel\\framework\\src\\Illuminate\\Foundation\\Http\\Middleware\\TransformsRequest.php(21): Illuminate\\Pipeline\\Pipeline->Illuminate\\Pipeline\\{closure}(Object(Illuminate\\Http\\Request))
#84 C:\\wamp64\\www\\nammav2appweb-3\\vendor\\laravel\\framework\\src\\Illuminate\\Foundation\\Http\\Middleware\\TrimStrings.php(40): Illuminate\\Foundation\\Http\\Middleware\\TransformsRequest->handle(Object(Illuminate\\Http\\Request), Object(Closure))
#85 C:\\wamp64\\www\\nammav2appweb-3\\vendor\\laravel\\framework\\src\\Illuminate\\Pipeline\\Pipeline.php(167): Illuminate\\Foundation\\Http\\Middleware\\TrimStrings->handle(Object(Illuminate\\Http\\Request), Object(Closure))
#86 C:\\wamp64\\www\\nammav2appweb-3\\vendor\\laravel\\framework\\src\\Illuminate\\Foundation\\Http\\Middleware\\ValidatePostSize.php(27): Illuminate\\Pipeline\\Pipeline->Illuminate\\Pipeline\\{closure}(Object(Illuminate\\Http\\Request))
#87 C:\\wamp64\\www\\nammav2appweb-3\\vendor\\laravel\\framework\\src\\Illuminate\\Pipeline\\Pipeline.php(167): Illuminate\\Foundation\\Http\\Middleware\\ValidatePostSize->handle(Object(Illuminate\\Http\\Request), Object(Closure))
#88 C:\\wamp64\\www\\nammav2appweb-3\\vendor\\laravel\\framework\\src\\Illuminate\\Foundation\\Http\\Middleware\\PreventRequestsDuringMaintenance.php(86): Illuminate\\Pipeline\\Pipeline->Illuminate\\Pipeline\\{closure}(Object(Illuminate\\Http\\Request))
#89 C:\\wamp64\\www\\nammav2appweb-3\\vendor\\laravel\\framework\\src\\Illuminate\\Pipeline\\Pipeline.php(167): Illuminate\\Foundation\\Http\\Middleware\\PreventRequestsDuringMaintenance->handle(Object(Illuminate\\Http\\Request), Object(Closure))
#90 C:\\wamp64\\www\\nammav2appweb-3\\vendor\\fruitcake\\laravel-cors\\src\\HandleCors.php(38): Illuminate\\Pipeline\\Pipeline->Illuminate\\Pipeline\\{closure}(Object(Illuminate\\Http\\Request))
#91 C:\\wamp64\\www\\nammav2appweb-3\\vendor\\laravel\\framework\\src\\Illuminate\\Pipeline\\Pipeline.php(167): Fruitcake\\Cors\\HandleCors->handle(Object(Illuminate\\Http\\Request), Object(Closure))
#92 C:\\wamp64\\www\\nammav2appweb-3\\vendor\\fideloper\\proxy\\src\\TrustProxies.php(57): Illuminate\\Pipeline\\Pipeline->Illuminate\\Pipeline\\{closure}(Object(Illuminate\\Http\\Request))
#93 C:\\wamp64\\www\\nammav2appweb-3\\vendor\\laravel\\framework\\src\\Illuminate\\Pipeline\\Pipeline.php(167): Fideloper\\Proxy\\TrustProxies->handle(Object(Illuminate\\Http\\Request), Object(Closure))
#94 C:\\wamp64\\www\\nammav2appweb-3\\vendor\\laravel\\framework\\src\\Illuminate\\Pipeline\\Pipeline.php(103): Illuminate\\Pipeline\\Pipeline->Illuminate\\Pipeline\\{closure}(Object(Illuminate\\Http\\Request))
#95 C:\\wamp64\\www\\nammav2appweb-3\\vendor\\laravel\\framework\\src\\Illuminate\\Foundation\\Http\\Kernel.php(142): Illuminate\\Pipeline\\Pipeline->then(Object(Closure))
#96 C:\\wamp64\\www\\nammav2appweb-3\\vendor\\laravel\\framework\\src\\Illuminate\\Foundation\\Http\\Kernel.php(111): Illuminate\\Foundation\\Http\\Kernel->sendRequestThroughRouter(Object(Illuminate\\Http\\Request))
#97 C:\\wamp64\\www\\nammav2appweb-3\\public\\index.php(52): Illuminate\\Foundation\\Http\\Kernel->handle(Object(Illuminate\\Http\\Request))
#98 C:\\wamp64\\www\\nammav2appweb-3\\server.php(21): require_once('C:\\\\wamp64\\\\www\\\\n...')
#99 {main}
"} 
